#
# There is insufficient memory for the Java Runtime Environment to continue.
# Native memory allocation (malloc) failed to allocate 352256 bytes for Chunk::new
# Possible reasons:
#   The system is out of physical RAM or swap space
#   The process is running with CompressedOops enabled, and the Java Heap may be blocking the growth of the native heap
# Possible solutions:
#   Reduce memory load on the system
#   Increase physical memory or swap space
#   Check if swap backing store is full
#   Decrease Java heap size (-Xmx/-Xms)
#   Decrease number of Java threads
#   Decrease Java thread stack sizes (-Xss)
#   Set larger code cache with -XX:ReservedCodeCacheSize=
#   JVM is running with Unscaled Compressed Oops mode in which the Java heap is
#     placed in the first 4GB address space. The Java Heap base address is the
#     maximum limit for the native heap growth. Please use -XX:HeapBaseMinAddress
#     to set the Java Heap base and to place the Java Heap above 4GB virtual address.
# This output file may be truncated or incomplete.
#
#  Out of Memory Error (arena.cpp:189), pid=2420, tid=13032
#
# JRE version: OpenJDK Runtime Environment (17.0.6) (build 17.0.6+0-b2043.56-9586694)
# Java VM: OpenJDK 64-Bit Server VM (17.0.6+0-b2043.56-9586694, mixed mode, tiered, compressed oops, compressed class ptrs, g1 gc, windows-amd64)
# No core dump will be written. Minidumps are not enabled by default on client versions of Windows
#

---------------  S U M M A R Y ------------

Command Line: --add-opens=java.base/java.util=ALL-UNNAMED --add-opens=java.base/java.lang=ALL-UNNAMED --add-opens=java.base/java.lang.invoke=ALL-UNNAMED --add-opens=java.base/java.util=ALL-UNNAMED --add-opens=java.prefs/java.util.prefs=ALL-UNNAMED --add-opens=java.prefs/java.util.prefs=ALL-UNNAMED --add-opens=java.base/java.nio.charset=ALL-UNNAMED --add-opens=java.base/java.net=ALL-UNNAMED --add-opens=java.base/java.util.concurrent.atomic=ALL-UNNAMED -Xmx2048m -Dfile.encoding=UTF-8 -Duser.country=TW -Duser.language=zh -Duser.variant org.gradle.launcher.daemon.bootstrap.GradleDaemon 7.2

Host: Intel(R) Core(TM) i7-4790 CPU @ 3.60GHz, 8 cores, 1G,  Windows 10 , 64 bit Build 19041 (10.0.19041.3570)
Time: Mon Oct 23 17:07:43 2023  Windows 10 , 64 bit Build 19041 (10.0.19041.3570) elapsed time: 65.887825 seconds (0d 0h 1m 5s)

---------------  T H R E A D  ---------------

Current thread (0x000002162481b0a0):  JavaThread "C2 CompilerThread0" daemon [_thread_in_native, id=13032, stack(0x0000007210e00000,0x0000007210f00000)]


Current CompileTask:
C2:  65888 8987   !   4       java.util.concurrent.locks.AbstractQueuedSynchronizer::acquire (407 bytes)

Stack: [0x0000007210e00000,0x0000007210f00000]
Native frames: (J=compiled Java code, j=interpreted, Vv=VM code, C=native code)
V  [jvm.dll+0x683b4a]
V  [jvm.dll+0x842654]
V  [jvm.dll+0x843dfe]
V  [jvm.dll+0x844463]
V  [jvm.dll+0x249b75]
V  [jvm.dll+0xabcac]
V  [jvm.dll+0xac27c]
V  [jvm.dll+0x2b0eef]
V  [jvm.dll+0x58a207]
V  [jvm.dll+0x2243b2]
V  [jvm.dll+0x21ddf4]
V  [jvm.dll+0x21b51b]
V  [jvm.dll+0x1a4fdd]
V  [jvm.dll+0x22b098]
V  [jvm.dll+0x229159]
V  [jvm.dll+0x7f809c]
V  [jvm.dll+0x7f25fa]
V  [jvm.dll+0x682985]
C  [ucrtbase.dll+0x21bb2]
C  [KERNEL32.DLL+0x17344]
C  [ntdll.dll+0x526b1]


---------------  P R O C E S S  ---------------

Threads class SMR info:
_java_thread_list=0x000002162c14bbb0, length=135, elements={
0x000002160805cf90, 0x0000021623f03190, 0x0000021623f045e0, 0x0000021623f526f0,
0x0000021624813d60, 0x0000021624814620, 0x0000021624814ee0, 0x000002162481b0a0,
0x000002162481ba50, 0x0000021624828530, 0x00000216249b1020, 0x00000216249d3d20,
0x000002162621fc40, 0x0000021624a0d930, 0x0000021626c75080, 0x000002162539c470,
0x0000021626d11400, 0x00000216261948e0, 0x00000216249f5e80, 0x00000216254df450,
0x0000021624d94cb0, 0x0000021624d93970, 0x0000021624d94310, 0x0000021624d95180,
0x0000021624d95650, 0x0000021624d92fd0, 0x0000021624d95ff0, 0x0000021624d95b20,
0x0000021624d92b00, 0x0000021624d93e40, 0x0000021628bb1db0, 0x0000021628bb7450,
0x0000021628bb0f40, 0x0000021628bb6f80, 0x0000021628bb3f60, 0x0000021628bb7920,
0x0000021628bb30f0, 0x0000021628bb4900, 0x0000021628bb05a0, 0x0000021628bb2280,
0x0000021628bb2c20, 0x0000021628bb35c0, 0x0000021628bb00d0, 0x0000021628bb3a90,
0x0000021628bb5c40, 0x0000021628bb0a70, 0x0000021628bb1410, 0x0000021628bb65e0,
0x0000021628bb18e0, 0x0000021628bb4dd0, 0x0000021628bb52a0, 0x0000021628bb5770,
0x0000021628bb6ab0, 0x000002162547ced0, 0x000002162547ca00, 0x000002162547d3a0,
0x0000021625479040, 0x000002162547d870, 0x000002162547a850, 0x000002162547b1f0,
0x000002162547e6e0, 0x000002162547ad20, 0x00000216254799e0, 0x000002162547dd40,
0x000002162547b6c0, 0x000002162547f550, 0x000002162547e210, 0x000002162547ebb0,
0x000002162547fa20, 0x000002162547fef0, 0x000002162547f080, 0x000002162547bb90,
0x000002162547c060, 0x000002162547c530, 0x00000216254786a0, 0x0000021625478b70,
0x0000021625479510, 0x000002162547a380, 0x0000021625479eb0, 0x00000216263c3450,
0x00000216263c2ab0, 0x00000216263c2110, 0x00000216263c5ad0, 0x00000216263c72e0,
0x00000216263c1770, 0x00000216263c4790, 0x00000216263c3920, 0x00000216263c6470,
0x00000216263c2f80, 0x00000216263c4c60, 0x00000216263bff60, 0x00000216263c5fa0,
0x00000216263c5130, 0x00000216263c3df0, 0x00000216263c42c0, 0x00000216263c12a0,
0x00000216263c25e0, 0x00000216263c5600, 0x00000216263c6940, 0x00000216263c6e10,
0x00000216263c77b0, 0x00000216263c0430, 0x00000216263c0900, 0x00000216263c0dd0,
0x00000216263c1c40, 0x000002162576c990, 0x000002162576fe80, 0x000002162576bb20,
0x000002162576acb0, 0x000002162576b180, 0x000002162576e1a0, 0x00000216257711c0,
0x000002162576e670, 0x000002162576f4e0, 0x000002162576a310, 0x000002162576d330,
0x000002162576dcd0, 0x000002162576eb40, 0x0000021625770cf0, 0x0000021625771690,
0x000002162576a7e0, 0x000002162576f9b0, 0x000002162576b650, 0x000002162576c4c0,
0x000002162576d800, 0x000002162576f010, 0x0000021625770350, 0x0000021625770820,
0x0000021625aa4d90, 0x0000021625aa8280, 0x0000021625aa90f0, 0x0000021625aa8c20,
0x0000021625aab770, 0x0000021625aa9f60, 0x0000021625aa7db0
}

Java Threads: ( => current thread )
  0x000002160805cf90 JavaThread "main" [_thread_blocked, id=15208, stack(0x0000007210100000,0x0000007210200000)]
  0x0000021623f03190 JavaThread "Reference Handler" daemon [_thread_blocked, id=7072, stack(0x0000007210800000,0x0000007210900000)]
  0x0000021623f045e0 JavaThread "Finalizer" daemon [_thread_blocked, id=11048, stack(0x0000007210900000,0x0000007210a00000)]
  0x0000021623f526f0 JavaThread "Signal Dispatcher" daemon [_thread_blocked, id=16376, stack(0x0000007210a00000,0x0000007210b00000)]
  0x0000021624813d60 JavaThread "Attach Listener" daemon [_thread_blocked, id=12696, stack(0x0000007210b00000,0x0000007210c00000)]
  0x0000021624814620 JavaThread "Service Thread" daemon [_thread_blocked, id=7192, stack(0x0000007210c00000,0x0000007210d00000)]
  0x0000021624814ee0 JavaThread "Monitor Deflation Thread" daemon [_thread_blocked, id=21420, stack(0x0000007210d00000,0x0000007210e00000)]
=>0x000002162481b0a0 JavaThread "C2 CompilerThread0" daemon [_thread_in_native, id=13032, stack(0x0000007210e00000,0x0000007210f00000)]
  0x000002162481ba50 JavaThread "C1 CompilerThread0" daemon [_thread_blocked, id=11768, stack(0x0000007210f00000,0x0000007211000000)]
  0x0000021624828530 JavaThread "Sweeper thread" daemon [_thread_blocked, id=11016, stack(0x0000007211000000,0x0000007211100000)]
  0x00000216249b1020 JavaThread "Common-Cleaner" daemon [_thread_blocked, id=15328, stack(0x0000007211100000,0x0000007211200000)]
  0x00000216249d3d20 JavaThread "Notification Thread" daemon [_thread_blocked, id=12100, stack(0x0000007211200000,0x0000007211300000)]
  0x000002162621fc40 JavaThread "Daemon health stats" [_thread_blocked, id=12260, stack(0x0000007211800000,0x0000007211900000)]
  0x0000021624a0d930 JavaThread "Incoming local TCP Connector on port 65107" [_thread_in_native, id=3712, stack(0x0000007211c00000,0x0000007211d00000)]
  0x0000021626c75080 JavaThread "Daemon periodic checks" [_thread_blocked, id=20804, stack(0x0000007211d00000,0x0000007211e00000)]
  0x000002162539c470 JavaThread "Daemon" [_thread_blocked, id=2824, stack(0x0000007211e00000,0x0000007211f00000)]
  0x0000021626d11400 JavaThread "Handler for socket connection from /127.0.0.1:65107 to /127.0.0.1:65108" [_thread_in_native, id=6644, stack(0x0000007212000000,0x0000007212100000)]
  0x00000216261948e0 JavaThread "Cancel handler" [_thread_blocked, id=2432, stack(0x0000007212100000,0x0000007212200000)]
  0x00000216249f5e80 JavaThread "Daemon worker" [_thread_blocked, id=19508, stack(0x0000007212200000,0x0000007212300000)]
  0x00000216254df450 JavaThread "Asynchronous log dispatcher for DefaultDaemonConnection: socket connection from /127.0.0.1:65107 to /127.0.0.1:65108" [_thread_in_Java, id=15136, stack(0x0000007212300000,0x0000007212400000)]
  0x0000021624d94cb0 JavaThread "Stdin handler" [_thread_blocked, id=19752, stack(0x0000007212400000,0x0000007212500000)]
  0x0000021624d93970 JavaThread "Daemon client event forwarder" [_thread_blocked, id=8304, stack(0x0000007212500000,0x0000007212600000)]
  0x0000021624d94310 JavaThread "Cache worker for journal cache (C:\Users\饅頭\.gradle\caches\journal-1)" [_thread_blocked, id=1556, stack(0x0000007212600000,0x0000007212700000)]
  0x0000021624d95180 JavaThread "File lock request listener" [_thread_in_native, id=9604, stack(0x0000007212700000,0x0000007212800000)]
  0x0000021624d95650 JavaThread "Cache worker for file hash cache (C:\Users\饅頭\.gradle\caches\7.2\fileHashes)" [_thread_blocked, id=15636, stack(0x0000007212800000,0x0000007212900000)]
  0x0000021624d92fd0 JavaThread "Cache worker for file hash cache (C:\AndroidStudioProjects\business_3\.gradle\7.2\fileHashes)" [_thread_blocked, id=18440, stack(0x0000007212900000,0x0000007212a00000)]
  0x0000021624d95ff0 JavaThread "File watcher server" daemon [_thread_in_native, id=12348, stack(0x0000007212a00000,0x0000007212b00000)]
  0x0000021624d95b20 JavaThread "File watcher consumer" daemon [_thread_blocked, id=14716, stack(0x0000007212b00000,0x0000007212c00000)]
  0x0000021624d92b00 JavaThread "Cache worker for checksums cache (C:\AndroidStudioProjects\business_3\.gradle\checksums)" [_thread_blocked, id=16628, stack(0x0000007212c00000,0x0000007212d00000)]
  0x0000021624d93e40 JavaThread "Cache worker for cache directory md-supplier (C:\Users\饅頭\.gradle\caches\7.2\md-supplier)" [_thread_blocked, id=21132, stack(0x0000007212d00000,0x0000007212e00000)]
  0x0000021628bb1db0 JavaThread "Cache worker for cache directory md-rule (C:\Users\饅頭\.gradle\caches\7.2\md-rule)" [_thread_blocked, id=13596, stack(0x0000007212f00000,0x0000007213000000)]
  0x0000021628bb7450 JavaThread "Cache worker for execution history cache (C:\Users\饅頭\.gradle\caches\7.2\executionHistory)" [_thread_blocked, id=16076, stack(0x0000007213000000,0x0000007213100000)]
  0x0000021628bb0f40 JavaThread "jar transforms" [_thread_blocked, id=10636, stack(0x0000007213100000,0x0000007213200000)]
  0x0000021628bb6f80 JavaThread "jar transforms Thread 2" [_thread_blocked, id=3100, stack(0x0000007213200000,0x0000007213300000)]
  0x0000021628bb3f60 JavaThread "Cache worker for file content cache (C:\Users\饅頭\.gradle\caches\7.2\fileContent)" [_thread_blocked, id=17296, stack(0x0000007213300000,0x0000007213400000)]
  0x0000021628bb7920 JavaThread "jar transforms Thread 3" [_thread_blocked, id=15232, stack(0x0000007213400000,0x0000007213500000)]
  0x0000021628bb30f0 JavaThread "jar transforms Thread 4" [_thread_blocked, id=13364, stack(0x0000007213500000,0x0000007213600000)]
  0x0000021628bb4900 JavaThread "Cache worker for dependencies-accessors (C:\AndroidStudioProjects\business_3\.gradle\7.2\dependencies-accessors)" [_thread_blocked, id=10988, stack(0x0000007213600000,0x0000007213700000)]
  0x0000021628bb05a0 JavaThread "jar transforms Thread 5" [_thread_blocked, id=12852, stack(0x0000007213700000,0x0000007213800000)]
  0x0000021628bb2280 JavaThread "Cache worker for Build Output Cleanup Cache (C:\AndroidStudioProjects\business_3\.gradle\buildOutputCleanup)" [_thread_blocked, id=15040, stack(0x0000007213800000,0x0000007213900000)]
  0x0000021628bb2c20 JavaThread "Unconstrained build operations" [_thread_blocked, id=10644, stack(0x0000007213900000,0x0000007213a00000)]
  0x0000021628bb35c0 JavaThread "Unconstrained build operations Thread 2" [_thread_blocked, id=13088, stack(0x0000007213a00000,0x0000007213b00000)]
  0x0000021628bb00d0 JavaThread "Unconstrained build operations Thread 3" [_thread_blocked, id=18624, stack(0x0000007213b00000,0x0000007213c00000)]
  0x0000021628bb3a90 JavaThread "Unconstrained build operations Thread 4" [_thread_blocked, id=1956, stack(0x0000007213c00000,0x0000007213d00000)]
  0x0000021628bb5c40 JavaThread "Unconstrained build operations Thread 5" [_thread_blocked, id=1804, stack(0x0000007213d00000,0x0000007213e00000)]
  0x0000021628bb0a70 JavaThread "Unconstrained build operations Thread 6" [_thread_blocked, id=12360, stack(0x0000007213e00000,0x0000007213f00000)]
  0x0000021628bb1410 JavaThread "Unconstrained build operations Thread 7" [_thread_blocked, id=13024, stack(0x0000007213f00000,0x0000007214000000)]
  0x0000021628bb65e0 JavaThread "Unconstrained build operations Thread 8" [_thread_blocked, id=13116, stack(0x0000007214000000,0x0000007214100000)]
  0x0000021628bb18e0 JavaThread "Unconstrained build operations Thread 9" [_thread_blocked, id=12032, stack(0x0000007214100000,0x0000007214200000)]
  0x0000021628bb4dd0 JavaThread "Unconstrained build operations Thread 10" [_thread_blocked, id=19360, stack(0x0000007214200000,0x0000007214300000)]
  0x0000021628bb52a0 JavaThread "Unconstrained build operations Thread 11" [_thread_blocked, id=580, stack(0x0000007214300000,0x0000007214400000)]
  0x0000021628bb5770 JavaThread "Unconstrained build operations Thread 12" [_thread_blocked, id=5484, stack(0x0000007214400000,0x0000007214500000)]
  0x0000021628bb6ab0 JavaThread "Unconstrained build operations Thread 13" [_thread_blocked, id=9464, stack(0x0000007214500000,0x0000007214600000)]
  0x000002162547ced0 JavaThread "Unconstrained build operations Thread 14" [_thread_blocked, id=15348, stack(0x0000007214600000,0x0000007214700000)]
  0x000002162547ca00 JavaThread "Unconstrained build operations Thread 15" [_thread_blocked, id=13132, stack(0x0000007214700000,0x0000007214800000)]
  0x000002162547d3a0 JavaThread "Unconstrained build operations Thread 16" [_thread_blocked, id=7148, stack(0x0000007214800000,0x0000007214900000)]
  0x0000021625479040 JavaThread "Unconstrained build operations Thread 17" [_thread_blocked, id=11848, stack(0x0000007214900000,0x0000007214a00000)]
  0x000002162547d870 JavaThread "Unconstrained build operations Thread 18" [_thread_blocked, id=916, stack(0x0000007214a00000,0x0000007214b00000)]
  0x000002162547a850 JavaThread "Unconstrained build operations Thread 19" [_thread_blocked, id=6336, stack(0x0000007214b00000,0x0000007214c00000)]
  0x000002162547b1f0 JavaThread "Unconstrained build operations Thread 20" [_thread_blocked, id=16596, stack(0x0000007214c00000,0x0000007214d00000)]
  0x000002162547e6e0 JavaThread "Unconstrained build operations Thread 21" [_thread_blocked, id=13108, stack(0x0000007214d00000,0x0000007214e00000)]
  0x000002162547ad20 JavaThread "Unconstrained build operations Thread 22" [_thread_blocked, id=9980, stack(0x0000007214e00000,0x0000007214f00000)]
  0x00000216254799e0 JavaThread "Unconstrained build operations Thread 23" [_thread_blocked, id=7036, stack(0x0000007214f00000,0x0000007215000000)]
  0x000002162547dd40 JavaThread "Unconstrained build operations Thread 24" [_thread_blocked, id=18296, stack(0x0000007215000000,0x0000007215100000)]
  0x000002162547b6c0 JavaThread "Unconstrained build operations Thread 25" [_thread_blocked, id=6604, stack(0x0000007215100000,0x0000007215200000)]
  0x000002162547f550 JavaThread "Unconstrained build operations Thread 26" [_thread_blocked, id=14556, stack(0x0000007215200000,0x0000007215300000)]
  0x000002162547e210 JavaThread "Unconstrained build operations Thread 27" [_thread_blocked, id=1528, stack(0x0000007215300000,0x0000007215400000)]
  0x000002162547ebb0 JavaThread "Unconstrained build operations Thread 28" [_thread_blocked, id=8112, stack(0x0000007215400000,0x0000007215500000)]
  0x000002162547fa20 JavaThread "Unconstrained build operations Thread 29" [_thread_blocked, id=8116, stack(0x0000007215500000,0x0000007215600000)]
  0x000002162547fef0 JavaThread "Unconstrained build operations Thread 30" [_thread_blocked, id=20944, stack(0x0000007215600000,0x0000007215700000)]
  0x000002162547f080 JavaThread "Unconstrained build operations Thread 31" [_thread_blocked, id=5952, stack(0x0000007215700000,0x0000007215800000)]
  0x000002162547bb90 JavaThread "Unconstrained build operations Thread 32" [_thread_blocked, id=10140, stack(0x0000007215800000,0x0000007215900000)]
  0x000002162547c060 JavaThread "Unconstrained build operations Thread 33" [_thread_blocked, id=10744, stack(0x0000007215900000,0x0000007215a00000)]
  0x000002162547c530 JavaThread "Unconstrained build operations Thread 34" [_thread_blocked, id=17264, stack(0x0000007215a00000,0x0000007215b00000)]
  0x00000216254786a0 JavaThread "Unconstrained build operations Thread 35" [_thread_blocked, id=14384, stack(0x0000007215b00000,0x0000007215c00000)]
  0x0000021625478b70 JavaThread "Unconstrained build operations Thread 36" [_thread_blocked, id=268, stack(0x0000007215c00000,0x0000007215d00000)]
  0x0000021625479510 JavaThread "Unconstrained build operations Thread 37" [_thread_blocked, id=9908, stack(0x0000007215d00000,0x0000007215e00000)]
  0x000002162547a380 JavaThread "Unconstrained build operations Thread 38" [_thread_blocked, id=3692, stack(0x0000007215e00000,0x0000007215f00000)]
  0x0000021625479eb0 JavaThread "Unconstrained build operations Thread 39" [_thread_blocked, id=4248, stack(0x0000007215f00000,0x0000007216000000)]
  0x00000216263c3450 JavaThread "Unconstrained build operations Thread 40" [_thread_blocked, id=15072, stack(0x0000007216000000,0x0000007216100000)]
  0x00000216263c2ab0 JavaThread "Unconstrained build operations Thread 41" [_thread_blocked, id=1960, stack(0x0000007216100000,0x0000007216200000)]
  0x00000216263c2110 JavaThread "Unconstrained build operations Thread 42" [_thread_blocked, id=12892, stack(0x0000007216200000,0x0000007216300000)]
  0x00000216263c5ad0 JavaThread "Unconstrained build operations Thread 43" [_thread_blocked, id=19672, stack(0x0000007216300000,0x0000007216400000)]
  0x00000216263c72e0 JavaThread "Unconstrained build operations Thread 44" [_thread_blocked, id=11660, stack(0x0000007216400000,0x0000007216500000)]
  0x00000216263c1770 JavaThread "Unconstrained build operations Thread 45" [_thread_blocked, id=12848, stack(0x0000007216500000,0x0000007216600000)]
  0x00000216263c4790 JavaThread "Unconstrained build operations Thread 46" [_thread_blocked, id=6412, stack(0x0000007216600000,0x0000007216700000)]
  0x00000216263c3920 JavaThread "Unconstrained build operations Thread 47" [_thread_blocked, id=5568, stack(0x0000007216700000,0x0000007216800000)]
  0x00000216263c6470 JavaThread "Unconstrained build operations Thread 48" [_thread_blocked, id=7372, stack(0x0000007216800000,0x0000007216900000)]
  0x00000216263c2f80 JavaThread "Unconstrained build operations Thread 49" [_thread_blocked, id=5244, stack(0x0000007216900000,0x0000007216a00000)]
  0x00000216263c4c60 JavaThread "Unconstrained build operations Thread 50" [_thread_blocked, id=18700, stack(0x0000007216a00000,0x0000007216b00000)]
  0x00000216263bff60 JavaThread "Unconstrained build operations Thread 51" [_thread_blocked, id=15980, stack(0x0000007216b00000,0x0000007216c00000)]
  0x00000216263c5fa0 JavaThread "Unconstrained build operations Thread 52" [_thread_blocked, id=1576, stack(0x0000007216c00000,0x0000007216d00000)]
  0x00000216263c5130 JavaThread "Unconstrained build operations Thread 53" [_thread_blocked, id=3612, stack(0x0000007216d00000,0x0000007216e00000)]
  0x00000216263c3df0 JavaThread "Unconstrained build operations Thread 54" [_thread_blocked, id=17824, stack(0x0000007216e00000,0x0000007216f00000)]
  0x00000216263c42c0 JavaThread "Unconstrained build operations Thread 55" [_thread_blocked, id=10860, stack(0x0000007216f00000,0x0000007217000000)]
  0x00000216263c12a0 JavaThread "Unconstrained build operations Thread 56" [_thread_blocked, id=4644, stack(0x0000007217000000,0x0000007217100000)]
  0x00000216263c25e0 JavaThread "Unconstrained build operations Thread 57" [_thread_blocked, id=15388, stack(0x0000007217100000,0x0000007217200000)]
  0x00000216263c5600 JavaThread "Unconstrained build operations Thread 58" [_thread_blocked, id=19200, stack(0x0000007217200000,0x0000007217300000)]
  0x00000216263c6940 JavaThread "Unconstrained build operations Thread 59" [_thread_blocked, id=15412, stack(0x0000007217300000,0x0000007217400000)]
  0x00000216263c6e10 JavaThread "Unconstrained build operations Thread 60" [_thread_blocked, id=32, stack(0x0000007217400000,0x0000007217500000)]
  0x00000216263c77b0 JavaThread "Unconstrained build operations Thread 61" [_thread_blocked, id=17616, stack(0x0000007217500000,0x0000007217600000)]
  0x00000216263c0430 JavaThread "Unconstrained build operations Thread 62" [_thread_blocked, id=12396, stack(0x0000007217600000,0x0000007217700000)]
  0x00000216263c0900 JavaThread "Unconstrained build operations Thread 63" [_thread_blocked, id=14328, stack(0x0000007217700000,0x0000007217800000)]
  0x00000216263c0dd0 JavaThread "Unconstrained build operations Thread 64" [_thread_blocked, id=6032, stack(0x0000007217800000,0x0000007217900000)]
  0x00000216263c1c40 JavaThread "Unconstrained build operations Thread 65" [_thread_blocked, id=5092, stack(0x0000007217900000,0x0000007217a00000)]
  0x000002162576c990 JavaThread "Unconstrained build operations Thread 66" [_thread_blocked, id=17124, stack(0x0000007217a00000,0x0000007217b00000)]
  0x000002162576fe80 JavaThread "Unconstrained build operations Thread 67" [_thread_blocked, id=1468, stack(0x0000007217b00000,0x0000007217c00000)]
  0x000002162576bb20 JavaThread "Unconstrained build operations Thread 68" [_thread_blocked, id=11152, stack(0x0000007217c00000,0x0000007217d00000)]
  0x000002162576acb0 JavaThread "Unconstrained build operations Thread 69" [_thread_blocked, id=10520, stack(0x0000007217d00000,0x0000007217e00000)]
  0x000002162576b180 JavaThread "Unconstrained build operations Thread 70" [_thread_blocked, id=3720, stack(0x0000007217e00000,0x0000007217f00000)]
  0x000002162576e1a0 JavaThread "Unconstrained build operations Thread 71" [_thread_blocked, id=17660, stack(0x0000007217f00000,0x0000007218000000)]
  0x00000216257711c0 JavaThread "Unconstrained build operations Thread 72" [_thread_blocked, id=11728, stack(0x0000007218000000,0x0000007218100000)]
  0x000002162576e670 JavaThread "Unconstrained build operations Thread 73" [_thread_blocked, id=10536, stack(0x0000007218100000,0x0000007218200000)]
  0x000002162576f4e0 JavaThread "Unconstrained build operations Thread 74" [_thread_blocked, id=12144, stack(0x0000007218200000,0x0000007218300000)]
  0x000002162576a310 JavaThread "Unconstrained build operations Thread 75" [_thread_blocked, id=5300, stack(0x0000007218300000,0x0000007218400000)]
  0x000002162576d330 JavaThread "Unconstrained build operations Thread 76" [_thread_blocked, id=18096, stack(0x0000007218400000,0x0000007218500000)]
  0x000002162576dcd0 JavaThread "Unconstrained build operations Thread 77" [_thread_blocked, id=19292, stack(0x0000007218500000,0x0000007218600000)]
  0x000002162576eb40 JavaThread "Unconstrained build operations Thread 78" [_thread_blocked, id=3836, stack(0x0000007218600000,0x0000007218700000)]
  0x0000021625770cf0 JavaThread "Unconstrained build operations Thread 79" [_thread_blocked, id=17192, stack(0x0000007218700000,0x0000007218800000)]
  0x0000021625771690 JavaThread "Unconstrained build operations Thread 80" [_thread_blocked, id=9600, stack(0x0000007218800000,0x0000007218900000)]
  0x000002162576a7e0 JavaThread "jar transforms Thread 6" [_thread_blocked, id=6800, stack(0x0000007218900000,0x0000007218a00000)]
  0x000002162576f9b0 JavaThread "jar transforms Thread 7" [_thread_blocked, id=6072, stack(0x0000007218a00000,0x0000007218b00000)]
  0x000002162576b650 JavaThread "jar transforms Thread 8" [_thread_blocked, id=6876, stack(0x0000007218b00000,0x0000007218c00000)]
  0x000002162576c4c0 JavaThread "Memory manager" [_thread_blocked, id=18416, stack(0x0000007218c00000,0x0000007218d00000)]
  0x000002162576d800 JavaThread "build event listener" [_thread_blocked, id=10440, stack(0x0000007218f00000,0x0000007219000000)]
  0x000002162576f010 JavaThread "pool-3-thread-1" [_thread_blocked, id=8372, stack(0x000000720fe00000,0x000000720ff00000)]
  0x0000021625770350 JavaThread "build event listener" [_thread_blocked, id=21424, stack(0x000000720ff00000,0x0000007210000000)]
  0x0000021625770820 JavaThread "Execution worker for ':'" [_thread_blocked, id=15408, stack(0x0000007210000000,0x0000007210100000)]
  0x0000021625aa4d90 JavaThread "Execution worker for ':' Thread 2" [_thread_blocked, id=10516, stack(0x0000007219000000,0x0000007219100000)]
  0x0000021625aa8280 JavaThread "Execution worker for ':' Thread 3" [_thread_in_vm, id=15248, stack(0x0000007219100000,0x0000007219200000)]
  0x0000021625aa90f0 JavaThread "Execution worker for ':' Thread 4" [_thread_blocked, id=15680, stack(0x0000007219200000,0x0000007219300000)]
  0x0000021625aa8c20 JavaThread "Execution worker for ':' Thread 5" [_thread_blocked, id=10324, stack(0x0000007219300000,0x0000007219400000)]
  0x0000021625aab770 JavaThread "Execution worker for ':' Thread 6" [_thread_blocked, id=15332, stack(0x0000007219400000,0x0000007219500000)]
  0x0000021625aa9f60 JavaThread "Execution worker for ':' Thread 7" [_thread_blocked, id=1072, stack(0x0000007219500000,0x0000007219600000)]
  0x0000021625aa7db0 JavaThread "Cache worker for execution history cache (C:\AndroidStudioProjects\business_3\.gradle\7.2\executionHistory)" [_thread_blocked, id=18984, stack(0x0000007219600000,0x0000007219700000)]

Other Threads:
  0x0000021623ee8c90 VMThread "VM Thread" [stack: 0x0000007210700000,0x0000007210800000] [id=17156]
  0x000002162499c240 WatcherThread [stack: 0x0000007211300000,0x0000007211400000] [id=20172]
  0x00000216081b7e70 GCTaskThread "GC Thread#0" [stack: 0x0000007210200000,0x0000007210300000] [id=11140]
  0x0000021624b2a720 GCTaskThread "GC Thread#1" [stack: 0x0000007211400000,0x0000007211500000] [id=7560]
  0x0000021624ebbcf0 GCTaskThread "GC Thread#2" [stack: 0x0000007211500000,0x0000007211600000] [id=5276]
  0x00000216252198b0 GCTaskThread "GC Thread#3" [stack: 0x0000007211600000,0x0000007211700000] [id=11108]
  0x0000021625a0a150 GCTaskThread "GC Thread#4" [stack: 0x0000007211700000,0x0000007211800000] [id=4448]
  0x000002162638b690 GCTaskThread "GC Thread#5" [stack: 0x0000007211900000,0x0000007211a00000] [id=9792]
  0x0000021626cf3470 GCTaskThread "GC Thread#6" [stack: 0x0000007211a00000,0x0000007211b00000] [id=12316]
  0x0000021626cf3720 GCTaskThread "GC Thread#7" [stack: 0x0000007211b00000,0x0000007211c00000] [id=13352]
  0x00000216081c8cc0 ConcurrentGCThread "G1 Main Marker" [stack: 0x0000007210300000,0x0000007210400000] [id=8968]
  0x00000216081c9d80 ConcurrentGCThread "G1 Conc#0" [stack: 0x0000007210400000,0x0000007210500000] [id=4092]
  0x0000021624cd7830 ConcurrentGCThread "G1 Conc#1" [stack: 0x0000007211f00000,0x0000007212000000] [id=1648]
  0x0000021608203700 ConcurrentGCThread "G1 Refine#0" [stack: 0x0000007210500000,0x0000007210600000] [id=15324]
  0x0000021627791030 ConcurrentGCThread "G1 Refine#1" [stack: 0x0000007212e00000,0x0000007212f00000] [id=15968]
  0x0000021608204030 ConcurrentGCThread "G1 Service" [stack: 0x0000007210600000,0x0000007210700000] [id=8616]

Threads with active compile tasks:
C2 CompilerThread0    67363 8987   !   4       java.util.concurrent.locks.AbstractQueuedSynchronizer::acquire (407 bytes)
C1 CompilerThread0    67364 9047       3       org.gradle.api.internal.attributes.DefaultAttributeMatchingStrategy_Decorated::getCompatibilityRules (39 bytes)

VM state: not at safepoint (normal execution)

VM Mutex/Monitor currently owned by a thread: None

Heap address: 0x0000000080000000, size: 2048 MB, Compressed Oops mode: 32-bit

CDS archive(s) not mapped
Compressed class space mapped at: 0x0000000100000000-0x0000000140000000, reserved size: 1073741824
Narrow klass base: 0x0000000000000000, Narrow klass shift: 3, Narrow klass range: 0x140000000

GC Precious Log:
 CPUs: 8 total, 8 available
 Memory: 1917M
 Large Page Support: Disabled
 NUMA Support: Disabled
 Compressed Oops: Enabled (32-bit)
 Heap Region Size: 1M
 Heap Min Capacity: 8M
 Heap Initial Capacity: 30M
 Heap Max Capacity: 2G
 Pre-touch: Disabled
 Parallel Workers: 8
 Concurrent Workers: 2
 Concurrent Refinement Workers: 8
 Periodic GC: Disabled

Heap:
 garbage-first heap   total 177152K, used 105642K [0x0000000080000000, 0x0000000100000000)
  region size 1024K, 39 young (39936K), 3 survivors (3072K)
 Metaspace       used 83891K, committed 84480K, reserved 1130496K
  class space    used 11192K, committed 11456K, reserved 1048576K

Heap Regions: E=young(eden), S=young(survivor), O=old, HS=humongous(starts), HC=humongous(continues), CS=collection set, F=free, OA=open archive, CA=closed archive, TAMS=top-at-mark-start (previous, next)
|   0|0x0000000080000000, 0x0000000080100000, 0x0000000080100000|100%|HS|  |TAMS 0x0000000080100000, 0x0000000080000000| Complete 
|   1|0x0000000080100000, 0x0000000080200000, 0x0000000080200000|100%|HC|  |TAMS 0x0000000080200000, 0x0000000080100000| Complete 
|   2|0x0000000080200000, 0x0000000080300000, 0x0000000080300000|100%|HC|  |TAMS 0x0000000080300000, 0x0000000080200000| Complete 
|   3|0x0000000080300000, 0x0000000080400000, 0x0000000080400000|100%| O|  |TAMS 0x0000000080400000, 0x0000000080300000| Untracked 
|   4|0x0000000080400000, 0x0000000080500000, 0x0000000080500000|100%| O|  |TAMS 0x0000000080500000, 0x0000000080400000| Untracked 
|   5|0x0000000080500000, 0x0000000080600000, 0x0000000080600000|100%| O|  |TAMS 0x0000000080600000, 0x0000000080500000| Untracked 
|   6|0x0000000080600000, 0x0000000080700000, 0x0000000080700000|100%| O|  |TAMS 0x0000000080700000, 0x0000000080600000| Untracked 
|   7|0x0000000080700000, 0x0000000080800000, 0x0000000080800000|100%| O|  |TAMS 0x0000000080800000, 0x0000000080700000| Untracked 
|   8|0x0000000080800000, 0x0000000080900000, 0x0000000080900000|100%| O|  |TAMS 0x0000000080900000, 0x0000000080800000| Untracked 
|   9|0x0000000080900000, 0x0000000080a00000, 0x0000000080a00000|100%| O|  |TAMS 0x0000000080a00000, 0x0000000080900000| Untracked 
|  10|0x0000000080a00000, 0x0000000080b00000, 0x0000000080b00000|100%| O|  |TAMS 0x0000000080b00000, 0x0000000080a00000| Untracked 
|  11|0x0000000080b00000, 0x0000000080c00000, 0x0000000080c00000|100%| O|  |TAMS 0x0000000080c00000, 0x0000000080b00000| Untracked 
|  12|0x0000000080c00000, 0x0000000080d00000, 0x0000000080d00000|100%| O|  |TAMS 0x0000000080d00000, 0x0000000080c00000| Untracked 
|  13|0x0000000080d00000, 0x0000000080e00000, 0x0000000080e00000|100%| O|  |TAMS 0x0000000080e00000, 0x0000000080d00000| Untracked 
|  14|0x0000000080e00000, 0x0000000080f00000, 0x0000000080f00000|100%| O|  |TAMS 0x0000000080f00000, 0x0000000080e00000| Untracked 
|  15|0x0000000080f00000, 0x0000000081000000, 0x0000000081000000|100%| O|  |TAMS 0x0000000081000000, 0x0000000080f00000| Untracked 
|  16|0x0000000081000000, 0x0000000081100000, 0x0000000081100000|100%| O|  |TAMS 0x0000000081100000, 0x0000000081000000| Untracked 
|  17|0x0000000081100000, 0x0000000081200000, 0x0000000081200000|100%| O|  |TAMS 0x0000000081200000, 0x0000000081100000| Untracked 
|  18|0x0000000081200000, 0x0000000081300000, 0x0000000081300000|100%| O|  |TAMS 0x0000000081300000, 0x0000000081200000| Untracked 
|  19|0x0000000081300000, 0x0000000081400000, 0x0000000081400000|100%| O|  |TAMS 0x0000000081400000, 0x0000000081300000| Untracked 
|  20|0x0000000081400000, 0x0000000081500000, 0x0000000081500000|100%| O|  |TAMS 0x0000000081500000, 0x0000000081400000| Untracked 
|  21|0x0000000081500000, 0x0000000081600000, 0x0000000081600000|100%| O|  |TAMS 0x0000000081600000, 0x0000000081500000| Untracked 
|  22|0x0000000081600000, 0x0000000081700000, 0x0000000081700000|100%| O|  |TAMS 0x0000000081700000, 0x0000000081600000| Untracked 
|  23|0x0000000081700000, 0x0000000081800000, 0x0000000081800000|100%| O|  |TAMS 0x0000000081800000, 0x0000000081700000| Untracked 
|  24|0x0000000081800000, 0x0000000081900000, 0x0000000081900000|100%| O|  |TAMS 0x0000000081900000, 0x0000000081800000| Untracked 
|  25|0x0000000081900000, 0x0000000081a00000, 0x0000000081a00000|100%| O|  |TAMS 0x0000000081a00000, 0x0000000081900000| Untracked 
|  26|0x0000000081a00000, 0x0000000081b00000, 0x0000000081b00000|100%| O|  |TAMS 0x0000000081b00000, 0x0000000081a00000| Untracked 
|  27|0x0000000081b00000, 0x0000000081c00000, 0x0000000081c00000|100%| O|  |TAMS 0x0000000081c00000, 0x0000000081b00000| Untracked 
|  28|0x0000000081c00000, 0x0000000081d00000, 0x0000000081d00000|100%| O|  |TAMS 0x0000000081d00000, 0x0000000081c00000| Untracked 
|  29|0x0000000081d00000, 0x0000000081e00000, 0x0000000081e00000|100%| O|  |TAMS 0x0000000081e00000, 0x0000000081d00000| Untracked 
|  30|0x0000000081e00000, 0x0000000081f00000, 0x0000000081f00000|100%| O|  |TAMS 0x0000000081e18c00, 0x0000000081e00000| Untracked 
|  31|0x0000000081f00000, 0x0000000082000000, 0x0000000082000000|100%|HS|  |TAMS 0x0000000082000000, 0x0000000081f00000| Complete 
|  32|0x0000000082000000, 0x0000000082100000, 0x0000000082100000|100%|HS|  |TAMS 0x0000000082100000, 0x0000000082000000| Complete 
|  33|0x0000000082100000, 0x0000000082200000, 0x0000000082200000|100%|HS|  |TAMS 0x0000000082200000, 0x0000000082100000| Complete 
|  34|0x0000000082200000, 0x0000000082300000, 0x0000000082300000|100%|HS|  |TAMS 0x0000000082300000, 0x0000000082200000| Complete 
|  35|0x0000000082300000, 0x0000000082400000, 0x0000000082400000|100%|HC|  |TAMS 0x0000000082400000, 0x0000000082300000| Complete 
|  36|0x0000000082400000, 0x0000000082500000, 0x0000000082500000|100%| O|  |TAMS 0x0000000082400000, 0x0000000082400000| Untracked 
|  37|0x0000000082500000, 0x0000000082600000, 0x0000000082600000|100%| O|  |TAMS 0x0000000082500000, 0x0000000082500000| Untracked 
|  38|0x0000000082600000, 0x0000000082700000, 0x0000000082700000|100%| O|  |TAMS 0x0000000082600000, 0x0000000082600000| Untracked 
|  39|0x0000000082700000, 0x0000000082800000, 0x0000000082800000|100%| O|  |TAMS 0x0000000082700000, 0x0000000082700000| Untracked 
|  40|0x0000000082800000, 0x0000000082900000, 0x0000000082900000|100%| O|  |TAMS 0x0000000082800000, 0x0000000082800000| Untracked 
|  41|0x0000000082900000, 0x0000000082a00000, 0x0000000082a00000|100%| O|  |TAMS 0x0000000082900000, 0x0000000082900000| Untracked 
|  42|0x0000000082a00000, 0x0000000082b00000, 0x0000000082b00000|100%| O|  |TAMS 0x0000000082a00000, 0x0000000082a00000| Untracked 
|  43|0x0000000082b00000, 0x0000000082c00000, 0x0000000082c00000|100%| O|  |TAMS 0x0000000082b00000, 0x0000000082b00000| Untracked 
|  44|0x0000000082c00000, 0x0000000082d00000, 0x0000000082d00000|100%| O|  |TAMS 0x0000000082c00000, 0x0000000082c00000| Untracked 
|  45|0x0000000082d00000, 0x0000000082e00000, 0x0000000082e00000|100%| O|  |TAMS 0x0000000082d00000, 0x0000000082d00000| Untracked 
|  46|0x0000000082e00000, 0x0000000082f00000, 0x0000000082f00000|100%| O|  |TAMS 0x0000000082e00000, 0x0000000082e00000| Untracked 
|  47|0x0000000082f00000, 0x0000000083000000, 0x0000000083000000|100%| O|  |TAMS 0x0000000082f00000, 0x0000000082f00000| Untracked 
|  48|0x0000000083000000, 0x0000000083100000, 0x0000000083100000|100%| O|  |TAMS 0x0000000083000000, 0x0000000083000000| Untracked 
|  49|0x0000000083100000, 0x0000000083200000, 0x0000000083200000|100%| O|  |TAMS 0x0000000083100000, 0x0000000083100000| Untracked 
|  50|0x0000000083200000, 0x0000000083300000, 0x0000000083300000|100%| O|  |TAMS 0x0000000083200000, 0x0000000083200000| Untracked 
|  51|0x0000000083300000, 0x0000000083400000, 0x0000000083400000|100%| O|  |TAMS 0x0000000083300000, 0x0000000083300000| Untracked 
|  52|0x0000000083400000, 0x0000000083500000, 0x0000000083500000|100%| O|  |TAMS 0x0000000083400000, 0x0000000083400000| Untracked 
|  53|0x0000000083500000, 0x0000000083600000, 0x0000000083600000|100%| O|  |TAMS 0x0000000083500000, 0x0000000083500000| Untracked 
|  54|0x0000000083600000, 0x0000000083700000, 0x0000000083700000|100%| O|  |TAMS 0x0000000083600000, 0x0000000083600000| Untracked 
|  55|0x0000000083700000, 0x0000000083800000, 0x0000000083800000|100%| O|  |TAMS 0x0000000083700000, 0x0000000083700000| Untracked 
|  56|0x0000000083800000, 0x0000000083900000, 0x0000000083900000|100%| O|  |TAMS 0x0000000083800000, 0x0000000083800000| Untracked 
|  57|0x0000000083900000, 0x0000000083a00000, 0x0000000083a00000|100%| O|  |TAMS 0x0000000083900000, 0x0000000083900000| Untracked 
|  58|0x0000000083a00000, 0x0000000083b00000, 0x0000000083b00000|100%| O|  |TAMS 0x0000000083a00000, 0x0000000083a00000| Untracked 
|  59|0x0000000083b00000, 0x0000000083c00000, 0x0000000083c00000|100%| O|  |TAMS 0x0000000083b00000, 0x0000000083b00000| Untracked 
|  60|0x0000000083c00000, 0x0000000083d00000, 0x0000000083d00000|100%| O|  |TAMS 0x0000000083c00000, 0x0000000083c00000| Untracked 
|  61|0x0000000083d00000, 0x0000000083e00000, 0x0000000083e00000|100%| O|  |TAMS 0x0000000083d00000, 0x0000000083d00000| Untracked 
|  62|0x0000000083e00000, 0x0000000083f00000, 0x0000000083f00000|100%| O|  |TAMS 0x0000000083e00000, 0x0000000083e00000| Untracked 
|  63|0x0000000083f00000, 0x0000000084000000, 0x0000000084000000|100%| O|  |TAMS 0x0000000083f00000, 0x0000000083f00000| Untracked 
|  64|0x0000000084000000, 0x0000000084100000, 0x0000000084100000|100%| O|  |TAMS 0x0000000084000000, 0x0000000084000000| Untracked 
|  65|0x0000000084100000, 0x0000000084200000, 0x0000000084200000|100%| O|  |TAMS 0x0000000084100000, 0x0000000084100000| Untracked 
|  66|0x0000000084200000, 0x00000000842ad600, 0x0000000084300000| 67%| O|  |TAMS 0x0000000084200000, 0x0000000084200000| Untracked 
|  67|0x0000000084300000, 0x0000000084300000, 0x0000000084400000|  0%| F|  |TAMS 0x0000000084300000, 0x0000000084300000| Untracked 
|  68|0x0000000084400000, 0x0000000084400000, 0x0000000084500000|  0%| F|  |TAMS 0x0000000084400000, 0x0000000084400000| Untracked 
|  69|0x0000000084500000, 0x0000000084500000, 0x0000000084600000|  0%| F|  |TAMS 0x0000000084500000, 0x0000000084500000| Untracked 
|  70|0x0000000084600000, 0x0000000084600000, 0x0000000084700000|  0%| F|  |TAMS 0x0000000084600000, 0x0000000084600000| Untracked 
|  71|0x0000000084700000, 0x0000000084700000, 0x0000000084800000|  0%| F|  |TAMS 0x0000000084700000, 0x0000000084700000| Untracked 
|  72|0x0000000084800000, 0x0000000084800000, 0x0000000084900000|  0%| F|  |TAMS 0x0000000084800000, 0x0000000084800000| Untracked 
|  73|0x0000000084900000, 0x0000000084900000, 0x0000000084a00000|  0%| F|  |TAMS 0x0000000084900000, 0x0000000084900000| Untracked 
|  74|0x0000000084a00000, 0x0000000084a00000, 0x0000000084b00000|  0%| F|  |TAMS 0x0000000084a00000, 0x0000000084a00000| Untracked 
|  75|0x0000000084b00000, 0x0000000084b00000, 0x0000000084c00000|  0%| F|  |TAMS 0x0000000084b00000, 0x0000000084b00000| Untracked 
|  76|0x0000000084c00000, 0x0000000084c00000, 0x0000000084d00000|  0%| F|  |TAMS 0x0000000084c00000, 0x0000000084c00000| Untracked 
|  77|0x0000000084d00000, 0x0000000084d00000, 0x0000000084e00000|  0%| F|  |TAMS 0x0000000084d00000, 0x0000000084d00000| Untracked 
|  78|0x0000000084e00000, 0x0000000084e00000, 0x0000000084f00000|  0%| F|  |TAMS 0x0000000084e00000, 0x0000000084e00000| Untracked 
|  79|0x0000000084f00000, 0x0000000084f00000, 0x0000000085000000|  0%| F|  |TAMS 0x0000000084f00000, 0x0000000084f00000| Untracked 
|  80|0x0000000085000000, 0x0000000085000000, 0x0000000085100000|  0%| F|  |TAMS 0x0000000085000000, 0x0000000085000000| Untracked 
|  81|0x0000000085100000, 0x0000000085100000, 0x0000000085200000|  0%| F|  |TAMS 0x0000000085100000, 0x0000000085100000| Untracked 
|  82|0x0000000085200000, 0x0000000085200000, 0x0000000085300000|  0%| F|  |TAMS 0x0000000085200000, 0x0000000085200000| Untracked 
|  83|0x0000000085300000, 0x0000000085300000, 0x0000000085400000|  0%| F|  |TAMS 0x0000000085300000, 0x0000000085300000| Untracked 
|  84|0x0000000085400000, 0x0000000085400000, 0x0000000085500000|  0%| F|  |TAMS 0x0000000085400000, 0x0000000085400000| Untracked 
|  85|0x0000000085500000, 0x0000000085500000, 0x0000000085600000|  0%| F|  |TAMS 0x0000000085500000, 0x0000000085500000| Untracked 
|  86|0x0000000085600000, 0x0000000085600000, 0x0000000085700000|  0%| F|  |TAMS 0x0000000085600000, 0x0000000085600000| Untracked 
|  87|0x0000000085700000, 0x0000000085700000, 0x0000000085800000|  0%| F|  |TAMS 0x0000000085700000, 0x0000000085700000| Untracked 
|  88|0x0000000085800000, 0x0000000085800000, 0x0000000085900000|  0%| F|  |TAMS 0x0000000085800000, 0x0000000085800000| Untracked 
|  89|0x0000000085900000, 0x0000000085900000, 0x0000000085a00000|  0%| F|  |TAMS 0x0000000085900000, 0x0000000085900000| Untracked 
|  90|0x0000000085a00000, 0x0000000085a00000, 0x0000000085b00000|  0%| F|  |TAMS 0x0000000085a00000, 0x0000000085a00000| Untracked 
|  91|0x0000000085b00000, 0x0000000085b00000, 0x0000000085c00000|  0%| F|  |TAMS 0x0000000085b00000, 0x0000000085b00000| Untracked 
|  92|0x0000000085c00000, 0x0000000085c00000, 0x0000000085d00000|  0%| F|  |TAMS 0x0000000085c00000, 0x0000000085c00000| Untracked 
|  93|0x0000000085d00000, 0x0000000085d00000, 0x0000000085e00000|  0%| F|  |TAMS 0x0000000085d00000, 0x0000000085d00000| Untracked 
|  94|0x0000000085e00000, 0x0000000085e00000, 0x0000000085f00000|  0%| F|  |TAMS 0x0000000085e00000, 0x0000000085e00000| Untracked 
|  95|0x0000000085f00000, 0x0000000085f00000, 0x0000000086000000|  0%| F|  |TAMS 0x0000000085f00000, 0x0000000085f00000| Untracked 
|  96|0x0000000086000000, 0x0000000086000000, 0x0000000086100000|  0%| F|  |TAMS 0x0000000086000000, 0x0000000086000000| Untracked 
|  97|0x0000000086100000, 0x0000000086100000, 0x0000000086200000|  0%| F|  |TAMS 0x0000000086100000, 0x0000000086100000| Untracked 
|  98|0x0000000086200000, 0x0000000086200000, 0x0000000086300000|  0%| F|  |TAMS 0x0000000086200000, 0x0000000086200000| Untracked 
|  99|0x0000000086300000, 0x0000000086300000, 0x0000000086400000|  0%| F|  |TAMS 0x0000000086300000, 0x0000000086300000| Untracked 
| 100|0x0000000086400000, 0x0000000086400000, 0x0000000086500000|  0%| F|  |TAMS 0x0000000086400000, 0x0000000086400000| Untracked 
| 101|0x0000000086500000, 0x0000000086500000, 0x0000000086600000|  0%| F|  |TAMS 0x0000000086500000, 0x0000000086500000| Untracked 
| 102|0x0000000086600000, 0x0000000086600000, 0x0000000086700000|  0%| F|  |TAMS 0x0000000086600000, 0x0000000086600000| Untracked 
| 103|0x0000000086700000, 0x0000000086700000, 0x0000000086800000|  0%| F|  |TAMS 0x0000000086700000, 0x0000000086700000| Untracked 
| 104|0x0000000086800000, 0x0000000086800000, 0x0000000086900000|  0%| F|  |TAMS 0x0000000086800000, 0x0000000086800000| Untracked 
| 105|0x0000000086900000, 0x0000000086900000, 0x0000000086a00000|  0%| F|  |TAMS 0x0000000086900000, 0x0000000086900000| Untracked 
| 106|0x0000000086a00000, 0x0000000086a00000, 0x0000000086b00000|  0%| F|  |TAMS 0x0000000086a00000, 0x0000000086a00000| Untracked 
| 107|0x0000000086b00000, 0x0000000086b00000, 0x0000000086c00000|  0%| F|  |TAMS 0x0000000086b00000, 0x0000000086b00000| Untracked 
| 108|0x0000000086c00000, 0x0000000086c00000, 0x0000000086d00000|  0%| F|  |TAMS 0x0000000086c00000, 0x0000000086c00000| Untracked 
| 109|0x0000000086d00000, 0x0000000086d00000, 0x0000000086e00000|  0%| F|  |TAMS 0x0000000086d00000, 0x0000000086d00000| Untracked 
| 110|0x0000000086e00000, 0x0000000086e00000, 0x0000000086f00000|  0%| F|  |TAMS 0x0000000086e00000, 0x0000000086e00000| Untracked 
| 111|0x0000000086f00000, 0x0000000086f00000, 0x0000000087000000|  0%| F|  |TAMS 0x0000000086f00000, 0x0000000086f00000| Untracked 
| 112|0x0000000087000000, 0x0000000087000000, 0x0000000087100000|  0%| F|  |TAMS 0x0000000087000000, 0x0000000087000000| Untracked 
| 113|0x0000000087100000, 0x0000000087100000, 0x0000000087200000|  0%| F|  |TAMS 0x0000000087100000, 0x0000000087100000| Untracked 
| 114|0x0000000087200000, 0x0000000087200000, 0x0000000087300000|  0%| F|  |TAMS 0x0000000087200000, 0x0000000087200000| Untracked 
| 115|0x0000000087300000, 0x0000000087300000, 0x0000000087400000|  0%| F|  |TAMS 0x0000000087300000, 0x0000000087300000| Untracked 
| 116|0x0000000087400000, 0x0000000087400000, 0x0000000087500000|  0%| F|  |TAMS 0x0000000087400000, 0x0000000087400000| Untracked 
| 117|0x0000000087500000, 0x0000000087500000, 0x0000000087600000|  0%| F|  |TAMS 0x0000000087500000, 0x0000000087500000| Untracked 
| 118|0x0000000087600000, 0x0000000087600000, 0x0000000087700000|  0%| F|  |TAMS 0x0000000087600000, 0x0000000087600000| Untracked 
| 119|0x0000000087700000, 0x0000000087700000, 0x0000000087800000|  0%| F|  |TAMS 0x0000000087700000, 0x0000000087700000| Untracked 
| 120|0x0000000087800000, 0x0000000087800000, 0x0000000087900000|  0%| F|  |TAMS 0x0000000087800000, 0x0000000087800000| Untracked 
| 121|0x0000000087900000, 0x0000000087900000, 0x0000000087a00000|  0%| F|  |TAMS 0x0000000087900000, 0x0000000087900000| Untracked 
| 122|0x0000000087a00000, 0x0000000087a00000, 0x0000000087b00000|  0%| F|  |TAMS 0x0000000087a00000, 0x0000000087a00000| Untracked 
| 123|0x0000000087b00000, 0x0000000087b00000, 0x0000000087c00000|  0%| F|  |TAMS 0x0000000087b00000, 0x0000000087b00000| Untracked 
| 124|0x0000000087c00000, 0x0000000087c00000, 0x0000000087d00000|  0%| F|  |TAMS 0x0000000087c00000, 0x0000000087c00000| Untracked 
| 125|0x0000000087d00000, 0x0000000087d00000, 0x0000000087e00000|  0%| F|  |TAMS 0x0000000087d00000, 0x0000000087d00000| Untracked 
| 126|0x0000000087e00000, 0x0000000087e00000, 0x0000000087f00000|  0%| F|  |TAMS 0x0000000087e00000, 0x0000000087e00000| Untracked 
| 127|0x0000000087f00000, 0x0000000087f00000, 0x0000000088000000|  0%| F|  |TAMS 0x0000000087f00000, 0x0000000087f00000| Untracked 
| 128|0x0000000088000000, 0x0000000088000000, 0x0000000088100000|  0%| F|  |TAMS 0x0000000088000000, 0x0000000088000000| Untracked 
| 129|0x0000000088100000, 0x0000000088100000, 0x0000000088200000|  0%| F|  |TAMS 0x0000000088100000, 0x0000000088100000| Untracked 
| 130|0x0000000088200000, 0x0000000088200000, 0x0000000088300000|  0%| F|  |TAMS 0x0000000088200000, 0x0000000088200000| Untracked 
| 131|0x0000000088300000, 0x0000000088300000, 0x0000000088400000|  0%| F|  |TAMS 0x0000000088300000, 0x0000000088300000| Untracked 
| 132|0x0000000088400000, 0x0000000088400000, 0x0000000088500000|  0%| F|  |TAMS 0x0000000088400000, 0x0000000088400000| Untracked 
| 133|0x0000000088500000, 0x0000000088500000, 0x0000000088600000|  0%| F|  |TAMS 0x0000000088500000, 0x0000000088500000| Untracked 
| 134|0x0000000088600000, 0x0000000088700000, 0x0000000088700000|100%| E|  |TAMS 0x0000000088600000, 0x0000000088600000| Complete 
| 135|0x0000000088700000, 0x0000000088800000, 0x0000000088800000|100%| E|CS|TAMS 0x0000000088700000, 0x0000000088700000| Complete 
| 136|0x0000000088800000, 0x0000000088900000, 0x0000000088900000|100%| E|CS|TAMS 0x0000000088800000, 0x0000000088800000| Complete 
| 137|0x0000000088900000, 0x0000000088a00000, 0x0000000088a00000|100%| E|CS|TAMS 0x0000000088900000, 0x0000000088900000| Complete 
| 138|0x0000000088a00000, 0x0000000088b00000, 0x0000000088b00000|100%| E|CS|TAMS 0x0000000088a00000, 0x0000000088a00000| Complete 
| 139|0x0000000088b00000, 0x0000000088c00000, 0x0000000088c00000|100%| E|CS|TAMS 0x0000000088b00000, 0x0000000088b00000| Complete 
| 140|0x0000000088c00000, 0x0000000088d00000, 0x0000000088d00000|100%| E|CS|TAMS 0x0000000088c00000, 0x0000000088c00000| Complete 
| 141|0x0000000088d00000, 0x0000000088e00000, 0x0000000088e00000|100%| E|CS|TAMS 0x0000000088d00000, 0x0000000088d00000| Complete 
| 142|0x0000000088e00000, 0x0000000088f00000, 0x0000000088f00000|100%| E|CS|TAMS 0x0000000088e00000, 0x0000000088e00000| Complete 
| 143|0x0000000088f00000, 0x0000000089000000, 0x0000000089000000|100%| E|CS|TAMS 0x0000000088f00000, 0x0000000088f00000| Complete 
| 144|0x0000000089000000, 0x0000000089100000, 0x0000000089100000|100%| E|CS|TAMS 0x0000000089000000, 0x0000000089000000| Complete 
| 145|0x0000000089100000, 0x0000000089200000, 0x0000000089200000|100%| E|CS|TAMS 0x0000000089100000, 0x0000000089100000| Complete 
| 146|0x0000000089200000, 0x0000000089300000, 0x0000000089300000|100%| E|CS|TAMS 0x0000000089200000, 0x0000000089200000| Complete 
| 147|0x0000000089300000, 0x0000000089400000, 0x0000000089400000|100%| E|CS|TAMS 0x0000000089300000, 0x0000000089300000| Complete 
| 148|0x0000000089400000, 0x0000000089500000, 0x0000000089500000|100%| E|CS|TAMS 0x0000000089400000, 0x0000000089400000| Complete 
| 149|0x0000000089500000, 0x0000000089600000, 0x0000000089600000|100%| E|CS|TAMS 0x0000000089500000, 0x0000000089500000| Complete 
| 150|0x0000000089600000, 0x0000000089700000, 0x0000000089700000|100%| E|CS|TAMS 0x0000000089600000, 0x0000000089600000| Complete 
| 151|0x0000000089700000, 0x0000000089800000, 0x0000000089800000|100%| E|CS|TAMS 0x0000000089700000, 0x0000000089700000| Complete 
| 152|0x0000000089800000, 0x0000000089900000, 0x0000000089900000|100%| E|CS|TAMS 0x0000000089800000, 0x0000000089800000| Complete 
| 153|0x0000000089900000, 0x0000000089a00000, 0x0000000089a00000|100%| E|CS|TAMS 0x0000000089900000, 0x0000000089900000| Complete 
| 154|0x0000000089a00000, 0x0000000089b00000, 0x0000000089b00000|100%| E|CS|TAMS 0x0000000089a00000, 0x0000000089a00000| Complete 
| 155|0x0000000089b00000, 0x0000000089c00000, 0x0000000089c00000|100%| E|CS|TAMS 0x0000000089b00000, 0x0000000089b00000| Complete 
| 156|0x0000000089c00000, 0x0000000089d00000, 0x0000000089d00000|100%| E|CS|TAMS 0x0000000089c00000, 0x0000000089c00000| Complete 
| 157|0x0000000089d00000, 0x0000000089e00000, 0x0000000089e00000|100%| E|CS|TAMS 0x0000000089d00000, 0x0000000089d00000| Complete 
| 158|0x0000000089e00000, 0x0000000089f00000, 0x0000000089f00000|100%| E|CS|TAMS 0x0000000089e00000, 0x0000000089e00000| Complete 
| 159|0x0000000089f00000, 0x000000008a000000, 0x000000008a000000|100%| E|  |TAMS 0x0000000089f00000, 0x0000000089f00000| Complete 
| 160|0x000000008a000000, 0x000000008a07d370, 0x000000008a100000| 48%| S|CS|TAMS 0x000000008a000000, 0x000000008a000000| Complete 
| 161|0x000000008a100000, 0x000000008a200000, 0x000000008a200000|100%| S|CS|TAMS 0x000000008a100000, 0x000000008a100000| Complete 
| 162|0x000000008a200000, 0x000000008a300000, 0x000000008a300000|100%| S|CS|TAMS 0x000000008a200000, 0x000000008a200000| Complete 
| 163|0x000000008a300000, 0x000000008a400000, 0x000000008a400000|100%| E|CS|TAMS 0x000000008a300000, 0x000000008a300000| Complete 
| 164|0x000000008a400000, 0x000000008a500000, 0x000000008a500000|100%| E|CS|TAMS 0x000000008a400000, 0x000000008a400000| Complete 
| 165|0x000000008a500000, 0x000000008a600000, 0x000000008a600000|100%| E|CS|TAMS 0x000000008a500000, 0x000000008a500000| Complete 
| 166|0x000000008a600000, 0x000000008a700000, 0x000000008a700000|100%| E|CS|TAMS 0x000000008a600000, 0x000000008a600000| Complete 
| 167|0x000000008a700000, 0x000000008a800000, 0x000000008a800000|100%| E|CS|TAMS 0x000000008a700000, 0x000000008a700000| Complete 
| 168|0x000000008a800000, 0x000000008a900000, 0x000000008a900000|100%| E|CS|TAMS 0x000000008a800000, 0x000000008a800000| Complete 
| 169|0x000000008a900000, 0x000000008aa00000, 0x000000008aa00000|100%| E|CS|TAMS 0x000000008a900000, 0x000000008a900000| Complete 
| 170|0x000000008aa00000, 0x000000008ab00000, 0x000000008ab00000|100%| E|CS|TAMS 0x000000008aa00000, 0x000000008aa00000| Complete 
| 171|0x000000008ab00000, 0x000000008ac00000, 0x000000008ac00000|100%| E|CS|TAMS 0x000000008ab00000, 0x000000008ab00000| Complete 
| 172|0x000000008ac00000, 0x000000008ad00000, 0x000000008ad00000|100%| E|CS|TAMS 0x000000008ac00000, 0x000000008ac00000| Complete 

Card table byte_map: [0x000002161cc50000,0x000002161d050000] _byte_map_base: 0x000002161c850000

Marking Bits (Prev, Next): (CMBitMap*) 0x00000216081b8390, (CMBitMap*) 0x00000216081b83d0
 Prev Bits: [0x000002161d450000, 0x000002161f450000)
 Next Bits: [0x000002161f450000, 0x0000021621450000)

Polling page: 0x0000021607f40000

Metaspace:

Usage:
  Non-class:     70.99 MB used.
      Class:     10.93 MB used.
       Both:     81.93 MB used.

Virtual space:
  Non-class space:       80.00 MB reserved,      71.31 MB ( 89%) committed,  10 nodes.
      Class space:        1.00 GB reserved,      11.19 MB (  1%) committed,  1 nodes.
             Both:        1.08 GB reserved,      82.50 MB (  7%) committed. 

Chunk freelists:
   Non-Class:  3.89 MB
       Class:  895.00 KB
        Both:  4.76 MB

MaxMetaspaceSize: unlimited
CompressedClassSpaceSize: 1.00 GB
Initial GC threshold: 21.00 MB
Current GC threshold: 83.44 MB
CDS: off
MetaspaceReclaimPolicy: balanced
 - commit_granule_bytes: 65536.
 - commit_granule_words: 8192.
 - virtual_space_node_default_size: 1048576.
 - enlarge_chunks_in_place: 1.
 - new_chunks_are_fully_committed: 0.
 - uncommit_free_chunks: 1.
 - use_allocation_guard: 0.
 - handle_deallocations: 1.


Internal statistics:

num_allocs_failed_limit: 3.
num_arena_births: 728.
num_arena_deaths: 0.
num_vsnodes_births: 11.
num_vsnodes_deaths: 0.
num_space_committed: 1320.
num_space_uncommitted: 0.
num_chunks_returned_to_freelist: 3.
num_chunks_taken_from_freelist: 3652.
num_chunk_merges: 3.
num_chunk_splits: 2426.
num_chunks_enlarged: 1650.
num_purges: 0.
num_inconsistent_stats: 0.

CodeHeap 'non-profiled nmethods': size=120000Kb used=4964Kb max_used=4964Kb free=115035Kb
 bounds [0x00000216148b0000, 0x0000021614d90000, 0x000002161bde0000]
CodeHeap 'profiled nmethods': size=120000Kb used=16200Kb max_used=16200Kb free=103799Kb
 bounds [0x000002160cde0000, 0x000002160ddc0000, 0x0000021614310000]
CodeHeap 'non-nmethods': size=5760Kb used=2362Kb max_used=2408Kb free=3397Kb
 bounds [0x0000021614310000, 0x0000021614580000, 0x00000216148b0000]
 total_blobs=9037 nmethods=8143 adapters=806
 compilation: enabled
              stopped_count=0, restarted_count=0
 full_count=0

Compilation events (20 events):
Event: 65.805 Thread 0x000002162481ba50 8983       3       org.gradle.api.internal.artifacts.ivyservice.resolveengine.graph.builder.DependencyGraphBuilder::performSelectionSerially (113 bytes)
Event: 65.806 Thread 0x000002162481ba50 nmethod 8983 0x000002160dd96990 code [0x000002160dd96c00, 0x000002160dd977f8]
Event: 65.806 Thread 0x000002162481ba50 8986       3       org.gradle.api.internal.artifacts.ivyservice.resolveengine.graph.builder.ResolveState::getRevision (34 bytes)
Event: 65.807 Thread 0x000002162481b0a0 nmethod 8970 0x0000021614d84d10 code [0x0000021614d84f60, 0x0000021614d85a80]
Event: 65.807 Thread 0x000002162481b0a0 8971       4       java.util.stream.AbstractPipeline::wrapSink (37 bytes)
Event: 65.807 Thread 0x000002162481ba50 nmethod 8986 0x000002160dd97d10 code [0x000002160dd97ee0, 0x000002160dd98358]
Event: 65.807 Thread 0x000002162481ba50 8985       3       org.gradle.api.internal.artifacts.ivyservice.resolveengine.graph.builder.SelectorState::requiresResolve (63 bytes)
Event: 65.807 Thread 0x000002162481ba50 nmethod 8985 0x000002160dd98590 code [0x000002160dd987a0, 0x000002160dd98eb8]
Event: 65.807 Thread 0x000002162481ba50 8984       3       java.util.Collections$ReverseComparator2::compare (12 bytes)
Event: 65.807 Thread 0x000002162481ba50 nmethod 8984 0x000002160dd99190 code [0x000002160dd99340, 0x000002160dd99528]
Event: 65.808 Thread 0x000002162481b0a0 nmethod 8971 0x0000021614d86410 code [0x0000021614d865a0, 0x0000021614d866b8]
Event: 65.808 Thread 0x000002162481b0a0 8977       4       com.google.common.collect.RegularImmutableList::get (7 bytes)
Event: 65.808 Thread 0x000002162481b0a0 nmethod 8977 0x0000021614d86810 code [0x0000021614d86980, 0x0000021614d86a38]
Event: 65.808 Thread 0x000002162481b0a0 8972       4       com.esotericsoftware.kryo.io.Input::readByte (23 bytes)
Event: 65.812 Thread 0x000002162481b0a0 nmethod 8972 0x0000021614d86b10 code [0x0000021614d86ca0, 0x0000021614d86fd8]
Event: 65.829 Thread 0x000002162481b0a0 8987   !   4       java.util.concurrent.locks.AbstractQueuedSynchronizer::acquire (407 bytes)
Event: 65.835 Thread 0x000002162481ba50 8988       3       org.gradle.internal.component.model.ImmutableModuleSources::of (43 bytes)
Event: 65.836 Thread 0x000002162481ba50 nmethod 8988 0x000002160dd99610 code [0x000002160dd997c0, 0x000002160dd99a28]
Event: 65.836 Thread 0x000002162481ba50 8989       3       java.lang.Long::compareTo (12 bytes)
Event: 65.837 Thread 0x000002162481ba50 nmethod 8989 0x000002160dd99b90 code [0x000002160dd99d40, 0x000002160dd99fb8]

GC Heap History (20 events):
Event: 17.237 GC heap before
{Heap before GC invocations=27 (full 0):
 garbage-first heap   total 78848K, used 56589K [0x0000000080000000, 0x0000000100000000)
  region size 1024K, 31 young (31744K), 4 survivors (4096K)
 Metaspace       used 44619K, committed 44992K, reserved 1089536K
  class space    used 5764K, committed 5952K, reserved 1048576K
}
Event: 17.257 GC heap after
{Heap after GC invocations=28 (full 0):
 garbage-first heap   total 78848K, used 30954K [0x0000000080000000, 0x0000000100000000)
  region size 1024K, 2 young (2048K), 2 survivors (2048K)
 Metaspace       used 44619K, committed 44992K, reserved 1089536K
  class space    used 5764K, committed 5952K, reserved 1048576K
}
Event: 19.466 GC heap before
{Heap before GC invocations=28 (full 0):
 garbage-first heap   total 78848K, used 59626K [0x0000000080000000, 0x0000000100000000)
  region size 1024K, 30 young (30720K), 2 survivors (2048K)
 Metaspace       used 48190K, committed 48640K, reserved 1097728K
  class space    used 6332K, committed 6528K, reserved 1048576K
}
Event: 19.481 GC heap after
{Heap after GC invocations=29 (full 0):
 garbage-first heap   total 78848K, used 32551K [0x0000000080000000, 0x0000000100000000)
  region size 1024K, 4 young (4096K), 4 survivors (4096K)
 Metaspace       used 48190K, committed 48640K, reserved 1097728K
  class space    used 6332K, committed 6528K, reserved 1048576K
}
Event: 22.946 GC heap before
{Heap before GC invocations=29 (full 0):
 garbage-first heap   total 78848K, used 61223K [0x0000000080000000, 0x0000000100000000)
  region size 1024K, 32 young (32768K), 4 survivors (4096K)
 Metaspace       used 49397K, committed 49792K, reserved 1097728K
  class space    used 6448K, committed 6656K, reserved 1048576K
}
Event: 23.067 GC heap after
{Heap after GC invocations=30 (full 0):
 garbage-first heap   total 78848K, used 34477K [0x0000000080000000, 0x0000000100000000)
  region size 1024K, 4 young (4096K), 4 survivors (4096K)
 Metaspace       used 49397K, committed 49792K, reserved 1097728K
  class space    used 6448K, committed 6656K, reserved 1048576K
}
Event: 26.833 GC heap before
{Heap before GC invocations=30 (full 0):
 garbage-first heap   total 78848K, used 62125K [0x0000000080000000, 0x0000000100000000)
  region size 1024K, 28 young (28672K), 4 survivors (4096K)
 Metaspace       used 50716K, committed 51136K, reserved 1097728K
  class space    used 6632K, committed 6848K, reserved 1048576K
}
Event: 26.892 GC heap after
{Heap after GC invocations=31 (full 0):
 garbage-first heap   total 78848K, used 46381K [0x0000000080000000, 0x0000000100000000)
  region size 1024K, 4 young (4096K), 4 survivors (4096K)
 Metaspace       used 50716K, committed 51136K, reserved 1097728K
  class space    used 6632K, committed 6848K, reserved 1048576K
}
Event: 29.212 GC heap before
{Heap before GC invocations=32 (full 0):
 garbage-first heap   total 80896K, used 61741K [0x0000000080000000, 0x0000000100000000)
  region size 1024K, 20 young (20480K), 4 survivors (4096K)
 Metaspace       used 53087K, committed 53568K, reserved 1097728K
  class space    used 6941K, committed 7168K, reserved 1048576K
}
Event: 29.303 GC heap after
{Heap after GC invocations=33 (full 0):
 garbage-first heap   total 80896K, used 47281K [0x0000000080000000, 0x0000000100000000)
  region size 1024K, 1 young (1024K), 1 survivors (1024K)
 Metaspace       used 53087K, committed 53568K, reserved 1097728K
  class space    used 6941K, committed 7168K, reserved 1048576K
}
Event: 32.442 GC heap before
{Heap before GC invocations=33 (full 0):
 garbage-first heap   total 80896K, used 64689K [0x0000000080000000, 0x0000000100000000)
  region size 1024K, 18 young (18432K), 1 survivors (1024K)
 Metaspace       used 56348K, committed 56768K, reserved 1105920K
  class space    used 7333K, committed 7488K, reserved 1048576K
}
Event: 32.465 GC heap after
{Heap after GC invocations=34 (full 0):
 garbage-first heap   total 177152K, used 47845K [0x0000000080000000, 0x0000000100000000)
  region size 1024K, 2 young (2048K), 2 survivors (2048K)
 Metaspace       used 56348K, committed 56768K, reserved 1105920K
  class space    used 7333K, committed 7488K, reserved 1048576K
}
Event: 39.049 GC heap before
{Heap before GC invocations=34 (full 0):
 garbage-first heap   total 177152K, used 136933K [0x0000000080000000, 0x0000000100000000)
  region size 1024K, 89 young (91136K), 2 survivors (2048K)
 Metaspace       used 66690K, committed 67200K, reserved 1114112K
  class space    used 8622K, committed 8832K, reserved 1048576K
}
Event: 39.712 GC heap after
{Heap after GC invocations=35 (full 0):
 garbage-first heap   total 177152K, used 54709K [0x0000000080000000, 0x0000000100000000)
  region size 1024K, 9 young (9216K), 9 survivors (9216K)
 Metaspace       used 66690K, committed 67200K, reserved 1114112K
  class space    used 8622K, committed 8832K, reserved 1048576K
}
Event: 46.613 GC heap before
{Heap before GC invocations=35 (full 0):
 garbage-first heap   total 177152K, used 130485K [0x0000000080000000, 0x0000000100000000)
  region size 1024K, 83 young (84992K), 9 survivors (9216K)
 Metaspace       used 73865K, committed 74432K, reserved 1114112K
  class space    used 9795K, committed 10048K, reserved 1048576K
}
Event: 46.908 GC heap after
{Heap after GC invocations=36 (full 0):
 garbage-first heap   total 177152K, used 60793K [0x0000000080000000, 0x0000000100000000)
  region size 1024K, 6 young (6144K), 6 survivors (6144K)
 Metaspace       used 73865K, committed 74432K, reserved 1114112K
  class space    used 9795K, committed 10048K, reserved 1048576K
}
Event: 56.344 GC heap before
{Heap before GC invocations=36 (full 0):
 garbage-first heap   total 177152K, used 135545K [0x0000000080000000, 0x0000000100000000)
  region size 1024K, 79 young (80896K), 6 survivors (6144K)
 Metaspace       used 80626K, committed 81152K, reserved 1122304K
  class space    used 10750K, committed 11008K, reserved 1048576K
}
Event: 56.872 GC heap after
{Heap after GC invocations=37 (full 0):
 garbage-first heap   total 177152K, used 68300K [0x0000000080000000, 0x0000000100000000)
  region size 1024K, 8 young (8192K), 8 survivors (8192K)
 Metaspace       used 80626K, committed 81152K, reserved 1122304K
  class space    used 10750K, committed 11008K, reserved 1048576K
}
Event: 57.152 GC heap before
{Heap before GC invocations=37 (full 0):
 garbage-first heap   total 177152K, used 78540K [0x0000000080000000, 0x0000000100000000)
  region size 1024K, 18 young (18432K), 8 survivors (8192K)
 Metaspace       used 80654K, committed 81216K, reserved 1122304K
  class space    used 10753K, committed 11008K, reserved 1048576K
}
Event: 57.183 GC heap after
{Heap after GC invocations=38 (full 0):
 garbage-first heap   total 177152K, used 70826K [0x0000000080000000, 0x0000000100000000)
  region size 1024K, 3 young (3072K), 3 survivors (3072K)
 Metaspace       used 80654K, committed 81216K, reserved 1122304K
  class space    used 10753K, committed 11008K, reserved 1048576K
}

Dll operation events (2 events):
Event: 0.045 Loaded shared library C:\Program Files\Android\Android Studio\jbr\bin\java.dll
Event: 1.379 Loaded shared library C:\Program Files\Android\Android Studio\jbr\bin\verify.dll

Deoptimization events (20 events):
Event: 63.152 Thread 0x0000021625aab770 Uncommon trap: trap_request=0xffffff45 fr.pc=0x0000021614d753dc relative=0x00000000000003bc
Event: 63.152 Thread 0x0000021625aab770 Uncommon trap: reason=unstable_if action=reinterpret pc=0x0000021614d753dc method=java.util.stream.StreamOpFlag.getMask(I)I @ 1 c2
Event: 63.152 Thread 0x0000021625aab770 DEOPT PACKING pc=0x0000021614d753dc sp=0x00000072194fb460
Event: 63.152 Thread 0x0000021625aab770 DEOPT UNPACKING pc=0x00000216143669a3 sp=0x00000072194fb350 mode 2
Event: 63.277 Thread 0x0000021625aab770 Uncommon trap: trap_request=0xffffffbe fr.pc=0x0000021614d6ce94 relative=0x0000000000000754
Event: 63.277 Thread 0x0000021625aab770 Uncommon trap: reason=profile_predicate action=maybe_recompile pc=0x0000021614d6ce94 method=java.net.URI$Parser.scan(IIJJ)I @ 3 c2
Event: 63.277 Thread 0x0000021625aab770 DEOPT PACKING pc=0x0000021614d6ce94 sp=0x00000072194fb2c0
Event: 63.277 Thread 0x0000021625aab770 DEOPT UNPACKING pc=0x00000216143669a3 sp=0x00000072194fb238 mode 2
Event: 63.490 Thread 0x0000021625aa8280 Uncommon trap: trap_request=0xffffffbe fr.pc=0x0000021614d6ce94 relative=0x0000000000000754
Event: 63.490 Thread 0x0000021625aa8280 Uncommon trap: reason=profile_predicate action=maybe_recompile pc=0x0000021614d6ce94 method=java.net.URI$Parser.scan(IIJJ)I @ 3 c2
Event: 63.490 Thread 0x0000021625aa8280 DEOPT PACKING pc=0x0000021614d6ce94 sp=0x00000072191fab40
Event: 63.490 Thread 0x0000021625aa8280 DEOPT UNPACKING pc=0x00000216143669a3 sp=0x00000072191faaf0 mode 2
Event: 63.490 Thread 0x0000021625aa8280 Uncommon trap: trap_request=0xffffffbe fr.pc=0x0000021614d6ce94 relative=0x0000000000000754
Event: 63.490 Thread 0x0000021625aa8280 Uncommon trap: reason=profile_predicate action=maybe_recompile pc=0x0000021614d6ce94 method=java.net.URI$Parser.scan(IIJJ)I @ 3 c2
Event: 63.490 Thread 0x0000021625aa8280 DEOPT PACKING pc=0x0000021614d6ce94 sp=0x00000072191fab40
Event: 63.490 Thread 0x0000021625aa8280 DEOPT UNPACKING pc=0x00000216143669a3 sp=0x00000072191faaf0 mode 2
Event: 63.490 Thread 0x0000021625aa8280 Uncommon trap: trap_request=0xffffffbe fr.pc=0x0000021614d6ce94 relative=0x0000000000000754
Event: 63.490 Thread 0x0000021625aa8280 Uncommon trap: reason=profile_predicate action=maybe_recompile pc=0x0000021614d6ce94 method=java.net.URI$Parser.scan(IIJJ)I @ 3 c2
Event: 63.490 Thread 0x0000021625aa8280 DEOPT PACKING pc=0x0000021614d6ce94 sp=0x00000072191fa9a0
Event: 63.490 Thread 0x0000021625aa8280 DEOPT UNPACKING pc=0x00000216143669a3 sp=0x00000072191fa950 mode 2

Classes unloaded (0 events):
No events

Classes redefined (0 events):
No events

Internal exceptions (20 events):
Event: 57.251 Thread 0x00000216249f5e80 Exception <a 'java/lang/ClassNotFoundException'{0x000000008a5918a8}: com/android/build/gradle/internal/tasks/ListingFileRedirectTask_DecoratedCustomizer> (0x000000008a5918a8) 
thrown [s\src\hotspot\share\classfile\systemDictionary.cpp, line 256]
Event: 59.903 Thread 0x00000216249f5e80 Exception <a 'java/lang/NoSuchMethodError'{0x0000000089850a80}: static Lcom/android/build/gradle/internal/profile/ProjectData;.<clinit>()V> (0x0000000089850a80) 
thrown [s\src\hotspot\share\prims\jni.cpp, line 1108]
Event: 59.992 Thread 0x00000216249f5e80 Exception <a 'java/lang/NoSuchMethodError'{0x000000008989fdf8}: static Lcom/android/build/gradle/internal/profile/TaskMetadata;.<clinit>()V> (0x000000008989fdf8) 
thrown [s\src\hotspot\share\prims\jni.cpp, line 1108]
Event: 60.006 Thread 0x00000216249f5e80 Exception <a 'java/lang/NoSuchMethodError'{0x00000000898ce338}: 'void java.lang.invoke.DirectMethodHandle$Holder.invokeSpecial(java.lang.Object, java.lang.Object, java.lang.Object, int)'> (0x00000000898ce338) 
thrown [s\src\hotspot\share\interpreter\linkResolver.cpp, line 771]
Event: 60.292 Thread 0x00000216249f5e80 Exception <a 'sun/nio/fs/WindowsException'{0x00000000896df838}> (0x00000000896df838) 
thrown [s\src\hotspot\share\prims\jni.cpp, line 517]
Event: 61.797 Thread 0x0000021624d93970 Exception <a 'java/lang/NoSuchMethodError'{0x00000000892a3a58}: static Lorg/gradle/internal/build/event/types/DefaultTaskStartedProgressEvent;.<clinit>()V> (0x00000000892a3a58) 
thrown [s\src\hotspot\share\prims\jni.cpp, line 1108]
Event: 61.824 Thread 0x0000021624d93970 Exception <a 'java/lang/NoSuchMethodError'{0x00000000892af040}: static Lorg/gradle/internal/build/event/types/DefaultTaskDescriptor;.<clinit>()V> (0x00000000892af040) 
thrown [s\src\hotspot\share\prims\jni.cpp, line 1108]
Event: 61.901 Thread 0x0000021624d93970 Exception <a 'java/lang/NoSuchMethodError'{0x00000000892f3fd8}: static Lorg/gradle/internal/build/event/types/DefaultTaskFinishedProgressEvent;.<clinit>()V> (0x00000000892f3fd8) 
thrown [s\src\hotspot\share\prims\jni.cpp, line 1108]
Event: 61.916 Thread 0x0000021624d93970 Exception <a 'java/lang/NoSuchMethodError'{0x000000008910cb28}: static Lorg/gradle/internal/build/event/types/DefaultTaskSuccessResult;.<clinit>()V> (0x000000008910cb28) 
thrown [s\src\hotspot\share\prims\jni.cpp, line 1108]
Event: 61.917 Thread 0x0000021624d93970 Exception <a 'java/lang/NoSuchMethodError'{0x000000008910e220}: static Lorg/gradle/internal/build/event/types/AbstractTaskResult;.<clinit>()V> (0x000000008910e220) 
thrown [s\src\hotspot\share\prims\jni.cpp, line 1108]
Event: 62.347 Thread 0x000002162576d800 Exception <a 'java/lang/NoSuchMethodError'{0x00000000891e7458}: static Lcom/android/ide/common/attribution/AndroidGradlePluginAttributionData$BuildInfo;.<clinit>()V> (0x00000000891e7458) 
thrown [s\src\hotspot\share\prims\jni.cpp, line 1108]
Event: 62.369 Thread 0x000002162576d800 Exception <a 'java/lang/NoSuchMethodError'{0x00000000891fd0d8}: static Lcom/android/ide/common/attribution/AndroidGradlePluginAttributionData$JavaInfo;.<clinit>()V> (0x00000000891fd0d8) 
thrown [s\src\hotspot\share\prims\jni.cpp, line 1108]
Event: 62.386 Thread 0x000002162576d800 Exception <a 'java/lang/NoSuchMethodError'{0x000000008901ef70}: static [Ljava/lang/String;.<clinit>()V> (0x000000008901ef70) 
thrown [s\src\hotspot\share\prims\jni.cpp, line 1108]
Event: 62.717 Thread 0x0000021625aa8280 Exception <a 'java/lang/IncompatibleClassChangeError'{0x0000000088f0f828}: Found class java.lang.Object, but interface was expected> (0x0000000088f0f828) 
thrown [s\src\hotspot\share\interpreter\linkResolver.cpp, line 838]
Event: 62.886 Thread 0x0000021624d93970 Exception <a 'java/lang/NoSuchMethodError'{0x0000000088fed1f8}: static Lorg/gradle/internal/build/event/types/DefaultTaskSkippedResult;.<clinit>()V> (0x0000000088fed1f8) 
thrown [s\src\hotspot\share\prims\jni.cpp, line 1108]
Event: 62.901 Thread 0x0000021625aa90f0 Exception <a 'java/lang/NoSuchMethodError'{0x0000000088ff3148}: 'java.lang.Object java.lang.invoke.DirectMethodHandle$Holder.invokeInterface(java.lang.Object, java.lang.Object, int)'> (0x0000000088ff3148) 
thrown [s\src\hotspot\share\interpreter\linkResolver.cpp, line 771]
Event: 62.917 Thread 0x0000021625aa90f0 Exception <a 'java/lang/NoSuchMethodError'{0x0000000088e04be8}: 'void java.lang.invoke.DirectMethodHandle$Holder.invokeStatic(java.lang.Object, java.lang.Object, java.lang.Object, int)'> (0x0000000088e04be8) 
thrown [s\src\hotspot\share\interpreter\linkResolver.cpp, line 771]
Event: 63.147 Thread 0x0000021625aab770 Exception <a 'java/lang/IncompatibleClassChangeError'{0x0000000088d15a68}: Found class java.lang.Object, but interface was expected> (0x0000000088d15a68) 
thrown [s\src\hotspot\share\interpreter\linkResolver.cpp, line 838]
Event: 63.198 Thread 0x0000021625aab770 Exception <a 'java/lang/IncompatibleClassChangeError'{0x0000000088d4a1c0}: Found class java.lang.Object, but interface was expected> (0x0000000088d4a1c0) 
thrown [s\src\hotspot\share\interpreter\linkResolver.cpp, line 838]
Event: 63.417 Thread 0x0000021625aab770 Exception <a 'java/lang/NoSuchMethodError'{0x0000000088cc06c8}: 'int java.lang.invoke.DirectMethodHandle$Holder.invokeStaticInit(java.lang.Object, java.lang.Object, java.lang.Object, java.lang.Object, java.lang.Object)'> (0x0000000088cc06c8) 
thrown [s\src\hotspot\share\interpreter\linkResolver.cpp, line 771]

VM Operations (20 events):
Event: 61.735 Executing VM operation: HandshakeAllThreads
Event: 61.736 Executing VM operation: HandshakeAllThreads done
Event: 61.756 Executing VM operation: HandshakeAllThreads
Event: 61.756 Executing VM operation: HandshakeAllThreads done
Event: 61.887 Executing VM operation: HandshakeAllThreads
Event: 61.888 Executing VM operation: HandshakeAllThreads done
Event: 62.293 Executing VM operation: HandshakeAllThreads
Event: 62.294 Executing VM operation: HandshakeAllThreads done
Event: 62.294 Executing VM operation: Cleanup
Event: 62.294 Executing VM operation: Cleanup done
Event: 62.681 Executing VM operation: HandshakeAllThreads
Event: 62.695 Executing VM operation: HandshakeAllThreads done
Event: 62.790 Executing VM operation: HandshakeAllThreads
Event: 62.790 Executing VM operation: HandshakeAllThreads done
Event: 62.861 Executing VM operation: HandshakeAllThreads
Event: 62.861 Executing VM operation: HandshakeAllThreads done
Event: 63.878 Executing VM operation: Cleanup
Event: 63.882 Executing VM operation: Cleanup done
Event: 64.895 Executing VM operation: Cleanup
Event: 64.896 Executing VM operation: Cleanup done

Events (20 events):
Event: 62.726 loading class java/time/Instant$1
Event: 62.727 loading class java/time/Instant$1 done
Event: 63.044 loading class java/util/stream/ReduceOps$6
Event: 63.049 loading class java/util/stream/ReduceOps$6 done
Event: 63.049 loading class java/util/stream/ReduceOps$5ReducingSink
Event: 63.051 loading class java/util/stream/ReduceOps$5ReducingSink done
Event: 63.150 loading class java/util/stream/ReferencePipeline$15
Event: 63.150 loading class java/util/stream/ReferencePipeline$15 done
Event: 63.152 loading class java/util/stream/ReferencePipeline$15$1
Event: 63.154 loading class java/util/stream/ReferencePipeline$15$1 done
Event: 63.280 loading class com/sun/org/apache/xerces/internal/util/URI
Event: 63.284 loading class com/sun/org/apache/xerces/internal/util/URI done
Event: 63.287 loading class java/net/HttpURLConnection
Event: 63.293 loading class java/net/HttpURLConnection done
Event: 63.295 loading class sun/net/ProgressMonitor
Event: 63.296 loading class sun/net/ProgressMonitor done
Event: 63.296 loading class sun/net/DefaultProgressMeteringPolicy
Event: 63.297 loading class sun/net/ProgressMeteringPolicy
Event: 63.298 loading class sun/net/ProgressMeteringPolicy done
Event: 63.298 loading class sun/net/DefaultProgressMeteringPolicy done


Dynamic libraries:
0x00007ff6a1f80000 - 0x00007ff6a1f8a000 	C:\Program Files\Android\Android Studio\jbr\bin\java.exe
0x00007ff86c410000 - 0x00007ff86c607000 	C:\Windows\SYSTEM32\ntdll.dll
0x00007ff86b680000 - 0x00007ff86b73d000 	C:\Windows\System32\KERNEL32.DLL
0x00007ff86a050000 - 0x00007ff86a346000 	C:\Windows\System32\KERNELBASE.dll
0x00007ff869e90000 - 0x00007ff869f90000 	C:\Windows\System32\ucrtbase.dll
0x00007ff84a7f0000 - 0x00007ff84a807000 	C:\Program Files\Android\Android Studio\jbr\bin\jli.dll
0x00007ff8496c0000 - 0x00007ff8496db000 	C:\Program Files\Android\Android Studio\jbr\bin\VCRUNTIME140.dll
0x00007ff86a5d0000 - 0x00007ff86a76e000 	C:\Windows\System32\USER32.dll
0x00007ff859050000 - 0x00007ff8592ea000 	C:\Windows\WinSxS\amd64_microsoft.windows.common-controls_6595b64144ccf1df_6.0.19041.3570_none_60bb2a3971f3e41a\COMCTL32.dll
0x00007ff869af0000 - 0x00007ff869b12000 	C:\Windows\System32\win32u.dll
0x00007ff86b940000 - 0x00007ff86b96c000 	C:\Windows\System32\GDI32.dll
0x00007ff86a770000 - 0x00007ff86a80e000 	C:\Windows\System32\msvcrt.dll
0x00007ff86a350000 - 0x00007ff86a46a000 	C:\Windows\System32\gdi32full.dll
0x00007ff869cb0000 - 0x00007ff869d4d000 	C:\Windows\System32\msvcp_win.dll
0x00007ff86a810000 - 0x00007ff86a840000 	C:\Windows\System32\IMM32.DLL
0x00007ff8650c0000 - 0x00007ff8650cc000 	C:\Program Files\Android\Android Studio\jbr\bin\vcruntime140_1.dll
0x00007ff840170000 - 0x00007ff8401fd000 	C:\Program Files\Android\Android Studio\jbr\bin\msvcp140.dll
0x00007ff814f90000 - 0x00007ff815bfd000 	C:\Program Files\Android\Android Studio\jbr\bin\server\jvm.dll
0x00007ff86b360000 - 0x00007ff86b40e000 	C:\Windows\System32\ADVAPI32.dll
0x00007ff86bc40000 - 0x00007ff86bcdc000 	C:\Windows\System32\sechost.dll
0x00007ff86ba50000 - 0x00007ff86bb76000 	C:\Windows\System32\RPCRT4.dll
0x00007ff859930000 - 0x00007ff859939000 	C:\Windows\SYSTEM32\WSOCK32.dll
0x00007ff85c2a0000 - 0x00007ff85c2aa000 	C:\Windows\SYSTEM32\VERSION.dll
0x00007ff859c10000 - 0x00007ff859c37000 	C:\Windows\SYSTEM32\WINMM.dll
0x00007ff86bce0000 - 0x00007ff86bd4b000 	C:\Windows\System32\WS2_32.dll
0x00007ff8678a0000 - 0x00007ff8678b2000 	C:\Windows\SYSTEM32\kernel.appcore.dll
0x00007ff85b020000 - 0x00007ff85b02a000 	C:\Program Files\Android\Android Studio\jbr\bin\jimage.dll
0x00007ff85a0b0000 - 0x00007ff85a294000 	C:\Windows\SYSTEM32\DBGHELP.DLL
0x00007ff85a050000 - 0x00007ff85a084000 	C:\Windows\SYSTEM32\dbgcore.DLL
0x00007ff869e00000 - 0x00007ff869e82000 	C:\Windows\System32\bcryptPrimitives.dll
0x00007ff854e70000 - 0x00007ff854e95000 	C:\Program Files\Android\Android Studio\jbr\bin\java.dll
0x00007ff855300000 - 0x00007ff855318000 	C:\Program Files\Android\Android Studio\jbr\bin\zip.dll
0x00007ff86ac10000 - 0x00007ff86b354000 	C:\Windows\System32\SHELL32.dll
0x00007ff867bb0000 - 0x00007ff86834b000 	C:\Windows\SYSTEM32\windows.storage.dll
0x00007ff86a8b0000 - 0x00007ff86ac04000 	C:\Windows\System32\combase.dll
0x00007ff8694e0000 - 0x00007ff86950d000 	C:\Windows\SYSTEM32\Wldp.dll
0x00007ff86b420000 - 0x00007ff86b4cd000 	C:\Windows\System32\SHCORE.dll
0x00007ff86a840000 - 0x00007ff86a895000 	C:\Windows\System32\shlwapi.dll
0x00007ff869a20000 - 0x00007ff869a45000 	C:\Windows\SYSTEM32\profapi.dll
0x00007ff854e20000 - 0x00007ff854e39000 	C:\Program Files\Android\Android Studio\jbr\bin\net.dll
0x00007ff862a60000 - 0x00007ff862b6a000 	C:\Windows\SYSTEM32\WINHTTP.dll
0x00007ff8691c0000 - 0x00007ff86922a000 	C:\Windows\system32\mswsock.dll
0x00007ff854c00000 - 0x00007ff854c16000 	C:\Program Files\Android\Android Studio\jbr\bin\nio.dll
0x00007ff85acb0000 - 0x00007ff85acc0000 	C:\Program Files\Android\Android Studio\jbr\bin\verify.dll
0x00007ff854ad0000 - 0x00007ff854af7000 	C:\Users\CY\.gradle\native\e1d6ef7f7dcc3fd88c89a11ec53ec762bb8ba0a96d01ffa2cd45eb1d1d8dd5c5\windows-amd64\native-platform.dll
0x00007ff814720000 - 0x00007ff814864000 	C:\Users\CY\.gradle\native\5664cfc778a61ccfe75a443a1ab52a65af34e5dc3c78e0209fed803814484fcb\windows-amd64\native-platform-file-events.dll
0x00007ff85b030000 - 0x00007ff85b039000 	C:\Program Files\Android\Android Studio\jbr\bin\management.dll
0x00007ff85ad20000 - 0x00007ff85ad2b000 	C:\Program Files\Android\Android Studio\jbr\bin\management_ext.dll
0x00007ff86c2f0000 - 0x00007ff86c2f8000 	C:\Windows\System32\PSAPI.DLL
0x00007ff869420000 - 0x00007ff869438000 	C:\Windows\SYSTEM32\CRYPTSP.dll
0x00007ff868ad0000 - 0x00007ff868b04000 	C:\Windows\system32\rsaenh.dll
0x00007ff869b20000 - 0x00007ff869b47000 	C:\Windows\System32\bcrypt.dll
0x00007ff8699a0000 - 0x00007ff8699ce000 	C:\Windows\SYSTEM32\USERENV.dll
0x00007ff869410000 - 0x00007ff86941c000 	C:\Windows\SYSTEM32\CRYPTBASE.dll
0x00007ff868eb0000 - 0x00007ff868eeb000 	C:\Windows\SYSTEM32\IPHLPAPI.DLL
0x00007ff86a8a0000 - 0x00007ff86a8a8000 	C:\Windows\System32\NSI.dll
0x00007ff8632a0000 - 0x00007ff8632b7000 	C:\Windows\SYSTEM32\dhcpcsvc6.DLL
0x00007ff8638e0000 - 0x00007ff8638fd000 	C:\Windows\SYSTEM32\dhcpcsvc.DLL
0x00007ff868ef0000 - 0x00007ff868fba000 	C:\Windows\SYSTEM32\DNSAPI.dll
0x00007ff817940000 - 0x00007ff817947000 	C:\Windows\system32\wshunix.dll

dbghelp: loaded successfully - version: 4.0.5 - missing functions: none
symbol engine: initialized successfully - sym options: 0x614 - pdb path: .;C:\Program Files\Android\Android Studio\jbr\bin;C:\Windows\SYSTEM32;C:\Windows\WinSxS\amd64_microsoft.windows.common-controls_6595b64144ccf1df_6.0.19041.3570_none_60bb2a3971f3e41a;C:\Program Files\Android\Android Studio\jbr\bin\server;C:\Users\CY\.gradle\native\e1d6ef7f7dcc3fd88c89a11ec53ec762bb8ba0a96d01ffa2cd45eb1d1d8dd5c5\windows-amd;C:\Users\CY\.gradle\native\e1d6ef7f7dcc3fd88c89a11ec53ec762bb8ba0a96d01ffa2cd45eb1d1d8dd5c5\windows-amd64;C:\Users\CY\.gradle\native\5664cfc778a61ccfe75a443a1ab52a65af34e5dc3c78e0209fed803814484fcb\windows;C:\Users\CY\.gradle\native\5664cfc778a61ccfe75a443a1ab52a65af34e5dc3c78e0209fed803814484fcb\windo;C:\Users\CY\.gradle\native\5664cfc778a61ccfe75a443a1ab52a65af34e5dc3c78e0209fed803814484fcb\win;C:\Users\CY\.gradle\native\5664cfc778a61ccfe75a443a1ab52a65af34e5dc3c78e0209fed803814484fcb\w

VM Arguments:
jvm_args: --add-opens=java.base/java.util=ALL-UNNAMED --add-opens=java.base/java.lang=ALL-UNNAMED --add-opens=java.base/java.lang.invoke=ALL-UNNAMED --add-opens=java.base/java.util=ALL-UNNAMED --add-opens=java.prefs/java.util.prefs=ALL-UNNAMED --add-opens=java.prefs/java.util.prefs=ALL-UNNAMED --add-opens=java.base/java.nio.charset=ALL-UNNAMED --add-opens=java.base/java.net=ALL-UNNAMED --add-opens=java.base/java.util.concurrent.atomic=ALL-UNNAMED -Xmx2048m -Dfile.encoding=UTF-8 -Duser.country=TW -Duser.language=zh -Duser.variant 
java_command: org.gradle.launcher.daemon.bootstrap.GradleDaemon 7.2
java_class_path (initial): C:\Users\CY\.gradle\wrapper\dists\gradle-7.2-bin\2dnblmf4td7x66yl1d74lt32g\gradle-7.2\lib\gradle-launcher-7.2.jar
Launcher Type: SUN_STANDARD

[Global flags]
     intx CICompilerCount                          = 4                                         {product} {ergonomic}
     uint ConcGCThreads                            = 2                                         {product} {ergonomic}
     uint G1ConcRefinementThreads                  = 8                                         {product} {ergonomic}
   size_t G1HeapRegionSize                         = 1048576                                   {product} {ergonomic}
    uintx GCDrainStackTargetSize                   = 64                                        {product} {ergonomic}
   size_t InitialHeapSize                          = 31457280                                  {product} {ergonomic}
   size_t MarkStackSize                            = 4194304                                   {product} {ergonomic}
   size_t MaxHeapSize                              = 2147483648                                {product} {command line}
   size_t MaxNewSize                               = 1287651328                                {product} {ergonomic}
   size_t MinHeapDeltaBytes                        = 1048576                                   {product} {ergonomic}
   size_t MinHeapSize                              = 8388608                                   {product} {ergonomic}
    uintx NonNMethodCodeHeapSize                   = 5839372                                {pd product} {ergonomic}
    uintx NonProfiledCodeHeapSize                  = 122909434                              {pd product} {ergonomic}
    uintx ProfiledCodeHeapSize                     = 122909434                              {pd product} {ergonomic}
    uintx ReservedCodeCacheSize                    = 251658240                              {pd product} {ergonomic}
     bool SegmentedCodeCache                       = true                                      {product} {ergonomic}
   size_t SoftMaxHeapSize                          = 2147483648                             {manageable} {ergonomic}
     bool UseCompressedClassPointers               = true                           {product lp64_product} {ergonomic}
     bool UseCompressedOops                        = true                           {product lp64_product} {ergonomic}
     bool UseG1GC                                  = true                                      {product} {ergonomic}
     bool UseLargePagesIndividualAllocation        = false                                  {pd product} {ergonomic}

Logging:
Log output configuration:
 #0: stdout all=warning uptime,level,tags
 #1: stderr all=off uptime,level,tags

Environment Variables:
PATH=C:\Program Files\Common Files\Oracle\Java\javapath;C:\Windows\system32;C:\Windows;C:\Windows\System32\Wbem;C:\Windows\System32\WindowsPowerShell\v1.0\;C:\Windows\System32\OpenSSH\;C:\Users\CY\AppData\Local\Microsoft\WindowsApps;
USERNAME=user1
OS=Windows_NT
PROCESSOR_IDENTIFIER=Intel64 Family 6 Model 60 Stepping 3, GenuineIntel
TMP=C:\Users\CY\AppData\Local\Temp
TEMP=C:\Users\CY\AppData\Local\Temp



---------------  S Y S T E M  ---------------

OS:
 Windows 10 , 64 bit Build 19041 (10.0.19041.3570)
OS uptime: 0 days 3:07 hours

CPU: total 8 (initial active 8) (4 cores per cpu, 2 threads per core) family 6 model 60 stepping 3 microcode 0x27, cx8, cmov, fxsr, ht, mmx, sse, sse2, sse3, ssse3, sse4.1, sse4.2, popcnt, lzcnt, tsc, tscinvbit, avx, avx2, aes, erms, clmul, bmi1, bmi2, fma, vzeroupper, clflush

Memory: 4k page, system-wide physical 1917M (62M free)
TotalPageFile size 7805M (AvailPageFile size 0M)
current process WorkingSet (physical memory assigned to process): 81M, peak: 200M
current process commit charge ("private bytes"): 417M, peak: 431M

vm_info: OpenJDK 64-Bit Server VM (17.0.6+0-b2043.56-9586694) for windows-amd64 JRE (17.0.6+0-b2043.56-9586694), built on Feb  9 2023 20:06:20 by "androidbuild" with MS VC++ 16.10 / 16.11 (VS2019)

END.
